[0.074s] DEBUG:colcon:Command line arguments: ['/usr/bin/colcon', 'build']
[0.074s] DEBUG:colcon:Parsed command line arguments: Namespace(log_base=None, log_level=None, verb_name='build', build_base='build', install_base='install', merge_install=False, symlink_install=False, test_result_base=None, continue_on_error=False, executor='parallel', parallel_workers=32, event_handlers=None, ignore_user_meta=False, metas=['./colcon.meta'], base_paths=['.'], packages_ignore=None, packages_ignore_regex=None, paths=None, packages_up_to=None, packages_up_to_regex=None, packages_above=None, packages_above_and_dependencies=None, packages_above_depth=None, packages_select_by_dep=None, packages_skip_by_dep=None, packages_skip_up_to=None, packages_select_build_failed=False, packages_skip_build_finished=False, packages_select_test_failures=False, packages_skip_test_passed=False, packages_select=None, packages_skip=None, packages_select_regex=None, packages_skip_regex=None, packages_start=None, packages_end=None, allow_overriding=[], cmake_args=None, cmake_target=None, cmake_target_skip_unavailable=False, cmake_clean_cache=False, cmake_clean_first=False, cmake_force_configure=False, ament_cmake_args=None, catkin_cmake_args=None, catkin_skip_building_tests=False, mixin_files=None, mixin=None, verb_parser=<colcon_mixin.mixin.mixin_argument.MixinArgumentDecorator object at 0x7fb967865450>, verb_extension=<colcon_core.verb.build.BuildVerb object at 0x7fb967864ee0>, main=<bound method BuildVerb.main of <colcon_core.verb.build.BuildVerb object at 0x7fb967864ee0>>, mixin_verb=('build',))
[0.148s] Level 1:colcon.colcon_core.package_discovery:discover_packages(colcon_meta) check parameters
[0.148s] Level 1:colcon.colcon_core.package_discovery:discover_packages(recursive) check parameters
[0.148s] Level 1:colcon.colcon_core.package_discovery:discover_packages(ignore) check parameters
[0.148s] Level 1:colcon.colcon_core.package_discovery:discover_packages(path) check parameters
[0.148s] Level 1:colcon.colcon_core.package_discovery:discover_packages(colcon_meta) discover
[0.148s] Level 1:colcon.colcon_core.package_discovery:discover_packages(recursive) discover
[0.148s] INFO:colcon.colcon_core.package_discovery:Crawling recursively for packages in '/home/ycao/ins2_ws'
[0.148s] Level 1:colcon.colcon_core.package_identification:_identify(.) by extensions ['ignore', 'ignore_ament_install']
[0.148s] Level 1:colcon.colcon_core.package_identification:_identify(.) by extension 'ignore'
[0.149s] Level 1:colcon.colcon_core.package_identification:_identify(.) by extension 'ignore_ament_install'
[0.149s] Level 1:colcon.colcon_core.package_identification:_identify(.) by extensions ['colcon_pkg']
[0.149s] Level 1:colcon.colcon_core.package_identification:_identify(.) by extension 'colcon_pkg'
[0.149s] Level 1:colcon.colcon_core.package_identification:_identify(.) by extensions ['colcon_meta']
[0.149s] Level 1:colcon.colcon_core.package_identification:_identify(.) by extension 'colcon_meta'
[0.149s] Level 1:colcon.colcon_core.package_identification:_identify(.) by extensions ['ros']
[0.149s] Level 1:colcon.colcon_core.package_identification:_identify(.) by extension 'ros'
[0.155s] Level 1:colcon.colcon_core.package_identification:_identify(.) by extensions ['cmake', 'python']
[0.155s] Level 1:colcon.colcon_core.package_identification:_identify(.) by extension 'cmake'
[0.155s] Level 1:colcon.colcon_core.package_identification:_identify(.) by extension 'python'
[0.155s] Level 1:colcon.colcon_core.package_identification:_identify(.) by extensions ['python_setup_py']
[0.155s] Level 1:colcon.colcon_core.package_identification:_identify(.) by extension 'python_setup_py'
[0.155s] Level 1:colcon.colcon_core.package_identification:_identify(build) by extensions ['ignore', 'ignore_ament_install']
[0.155s] Level 1:colcon.colcon_core.package_identification:_identify(build) by extension 'ignore'
[0.155s] Level 1:colcon.colcon_core.package_identification:_identify(build) ignored
[0.155s] Level 1:colcon.colcon_core.package_identification:_identify(install) by extensions ['ignore', 'ignore_ament_install']
[0.155s] Level 1:colcon.colcon_core.package_identification:_identify(install) by extension 'ignore'
[0.155s] Level 1:colcon.colcon_core.package_identification:_identify(install) ignored
[0.155s] Level 1:colcon.colcon_core.package_identification:_identify(log) by extensions ['ignore', 'ignore_ament_install']
[0.155s] Level 1:colcon.colcon_core.package_identification:_identify(log) by extension 'ignore'
[0.155s] Level 1:colcon.colcon_core.package_identification:_identify(log) ignored
[0.155s] Level 1:colcon.colcon_core.package_identification:_identify(src) by extensions ['ignore', 'ignore_ament_install']
[0.155s] Level 1:colcon.colcon_core.package_identification:_identify(src) by extension 'ignore'
[0.155s] Level 1:colcon.colcon_core.package_identification:_identify(src) by extension 'ignore_ament_install'
[0.155s] Level 1:colcon.colcon_core.package_identification:_identify(src) by extensions ['colcon_pkg']
[0.155s] Level 1:colcon.colcon_core.package_identification:_identify(src) by extension 'colcon_pkg'
[0.155s] Level 1:colcon.colcon_core.package_identification:_identify(src) by extensions ['colcon_meta']
[0.155s] Level 1:colcon.colcon_core.package_identification:_identify(src) by extension 'colcon_meta'
[0.155s] Level 1:colcon.colcon_core.package_identification:_identify(src) by extensions ['ros']
[0.155s] Level 1:colcon.colcon_core.package_identification:_identify(src) by extension 'ros'
[0.155s] Level 1:colcon.colcon_core.package_identification:_identify(src) by extensions ['cmake', 'python']
[0.155s] Level 1:colcon.colcon_core.package_identification:_identify(src) by extension 'cmake'
[0.155s] Level 1:colcon.colcon_core.package_identification:_identify(src) by extension 'python'
[0.156s] Level 1:colcon.colcon_core.package_identification:_identify(src) by extensions ['python_setup_py']
[0.156s] Level 1:colcon.colcon_core.package_identification:_identify(src) by extension 'python_setup_py'
[0.156s] Level 1:colcon.colcon_core.package_identification:_identify(src/inertiallabs_ins) by extensions ['ignore', 'ignore_ament_install']
[0.156s] Level 1:colcon.colcon_core.package_identification:_identify(src/inertiallabs_ins) by extension 'ignore'
[0.156s] Level 1:colcon.colcon_core.package_identification:_identify(src/inertiallabs_ins) by extension 'ignore_ament_install'
[0.156s] Level 1:colcon.colcon_core.package_identification:_identify(src/inertiallabs_ins) by extensions ['colcon_pkg']
[0.156s] Level 1:colcon.colcon_core.package_identification:_identify(src/inertiallabs_ins) by extension 'colcon_pkg'
[0.156s] Level 1:colcon.colcon_core.package_identification:_identify(src/inertiallabs_ins) by extensions ['colcon_meta']
[0.156s] Level 1:colcon.colcon_core.package_identification:_identify(src/inertiallabs_ins) by extension 'colcon_meta'
[0.156s] Level 1:colcon.colcon_core.package_identification:_identify(src/inertiallabs_ins) by extensions ['ros']
[0.156s] Level 1:colcon.colcon_core.package_identification:_identify(src/inertiallabs_ins) by extension 'ros'
[0.157s] DEBUG:colcon.colcon_core.package_identification:Package 'src/inertiallabs_ins' with type 'ros.ament_cmake' and name 'inertiallabs_ins'
[0.157s] Level 1:colcon.colcon_core.package_identification:_identify(src/inertiallabs_msgs) by extensions ['ignore', 'ignore_ament_install']
[0.157s] Level 1:colcon.colcon_core.package_identification:_identify(src/inertiallabs_msgs) by extension 'ignore'
[0.157s] Level 1:colcon.colcon_core.package_identification:_identify(src/inertiallabs_msgs) by extension 'ignore_ament_install'
[0.157s] Level 1:colcon.colcon_core.package_identification:_identify(src/inertiallabs_msgs) by extensions ['colcon_pkg']
[0.157s] Level 1:colcon.colcon_core.package_identification:_identify(src/inertiallabs_msgs) by extension 'colcon_pkg'
[0.157s] Level 1:colcon.colcon_core.package_identification:_identify(src/inertiallabs_msgs) by extensions ['colcon_meta']
[0.157s] Level 1:colcon.colcon_core.package_identification:_identify(src/inertiallabs_msgs) by extension 'colcon_meta'
[0.157s] Level 1:colcon.colcon_core.package_identification:_identify(src/inertiallabs_msgs) by extensions ['ros']
[0.157s] Level 1:colcon.colcon_core.package_identification:_identify(src/inertiallabs_msgs) by extension 'ros'
[0.158s] DEBUG:colcon.colcon_core.package_identification:Package 'src/inertiallabs_msgs' with type 'ros.ament_cmake' and name 'inertiallabs_msgs'
[0.158s] Level 1:colcon.colcon_core.package_identification:_identify(src/inertiallabs_sdk) by extensions ['ignore', 'ignore_ament_install']
[0.158s] Level 1:colcon.colcon_core.package_identification:_identify(src/inertiallabs_sdk) by extension 'ignore'
[0.158s] Level 1:colcon.colcon_core.package_identification:_identify(src/inertiallabs_sdk) by extension 'ignore_ament_install'
[0.158s] Level 1:colcon.colcon_core.package_identification:_identify(src/inertiallabs_sdk) by extensions ['colcon_pkg']
[0.158s] Level 1:colcon.colcon_core.package_identification:_identify(src/inertiallabs_sdk) by extension 'colcon_pkg'
[0.158s] Level 1:colcon.colcon_core.package_identification:_identify(src/inertiallabs_sdk) by extensions ['colcon_meta']
[0.158s] Level 1:colcon.colcon_core.package_identification:_identify(src/inertiallabs_sdk) by extension 'colcon_meta'
[0.158s] Level 1:colcon.colcon_core.package_identification:_identify(src/inertiallabs_sdk) by extensions ['ros']
[0.158s] Level 1:colcon.colcon_core.package_identification:_identify(src/inertiallabs_sdk) by extension 'ros'
[0.158s] Level 1:colcon.colcon_core.package_identification:_identify(src/inertiallabs_sdk) by extensions ['cmake', 'python']
[0.158s] Level 1:colcon.colcon_core.package_identification:_identify(src/inertiallabs_sdk) by extension 'cmake'
[0.158s] Level 1:colcon.colcon_core.package_identification:_identify(src/inertiallabs_sdk) by extension 'python'
[0.158s] Level 1:colcon.colcon_core.package_identification:_identify(src/inertiallabs_sdk) by extensions ['python_setup_py']
[0.158s] Level 1:colcon.colcon_core.package_identification:_identify(src/inertiallabs_sdk) by extension 'python_setup_py'
[0.158s] Level 1:colcon.colcon_core.package_identification:_identify(src/inertiallabs_sdk/platforms) by extensions ['ignore', 'ignore_ament_install']
[0.158s] Level 1:colcon.colcon_core.package_identification:_identify(src/inertiallabs_sdk/platforms) by extension 'ignore'
[0.158s] Level 1:colcon.colcon_core.package_identification:_identify(src/inertiallabs_sdk/platforms) by extension 'ignore_ament_install'
[0.158s] Level 1:colcon.colcon_core.package_identification:_identify(src/inertiallabs_sdk/platforms) by extensions ['colcon_pkg']
[0.158s] Level 1:colcon.colcon_core.package_identification:_identify(src/inertiallabs_sdk/platforms) by extension 'colcon_pkg'
[0.158s] Level 1:colcon.colcon_core.package_identification:_identify(src/inertiallabs_sdk/platforms) by extensions ['colcon_meta']
[0.158s] Level 1:colcon.colcon_core.package_identification:_identify(src/inertiallabs_sdk/platforms) by extension 'colcon_meta'
[0.158s] Level 1:colcon.colcon_core.package_identification:_identify(src/inertiallabs_sdk/platforms) by extensions ['ros']
[0.158s] Level 1:colcon.colcon_core.package_identification:_identify(src/inertiallabs_sdk/platforms) by extension 'ros'
[0.158s] Level 1:colcon.colcon_core.package_identification:_identify(src/inertiallabs_sdk/platforms) by extensions ['cmake', 'python']
[0.158s] Level 1:colcon.colcon_core.package_identification:_identify(src/inertiallabs_sdk/platforms) by extension 'cmake'
[0.158s] Level 1:colcon.colcon_core.package_identification:_identify(src/inertiallabs_sdk/platforms) by extension 'python'
[0.158s] Level 1:colcon.colcon_core.package_identification:_identify(src/inertiallabs_sdk/platforms) by extensions ['python_setup_py']
[0.158s] Level 1:colcon.colcon_core.package_identification:_identify(src/inertiallabs_sdk/platforms) by extension 'python_setup_py'
[0.158s] Level 1:colcon.colcon_core.package_identification:_identify(src/inertiallabs_sdk/platforms/linux) by extensions ['ignore', 'ignore_ament_install']
[0.158s] Level 1:colcon.colcon_core.package_identification:_identify(src/inertiallabs_sdk/platforms/linux) by extension 'ignore'
[0.158s] Level 1:colcon.colcon_core.package_identification:_identify(src/inertiallabs_sdk/platforms/linux) by extension 'ignore_ament_install'
[0.158s] Level 1:colcon.colcon_core.package_identification:_identify(src/inertiallabs_sdk/platforms/linux) by extensions ['colcon_pkg']
[0.159s] Level 1:colcon.colcon_core.package_identification:_identify(src/inertiallabs_sdk/platforms/linux) by extension 'colcon_pkg'
[0.159s] Level 1:colcon.colcon_core.package_identification:_identify(src/inertiallabs_sdk/platforms/linux) by extensions ['colcon_meta']
[0.159s] Level 1:colcon.colcon_core.package_identification:_identify(src/inertiallabs_sdk/platforms/linux) by extension 'colcon_meta'
[0.159s] Level 1:colcon.colcon_core.package_identification:_identify(src/inertiallabs_sdk/platforms/linux) by extensions ['ros']
[0.159s] Level 1:colcon.colcon_core.package_identification:_identify(src/inertiallabs_sdk/platforms/linux) by extension 'ros'
[0.159s] Level 1:colcon.colcon_core.package_identification:_identify(src/inertiallabs_sdk/platforms/linux) by extensions ['cmake', 'python']
[0.159s] Level 1:colcon.colcon_core.package_identification:_identify(src/inertiallabs_sdk/platforms/linux) by extension 'cmake'
[0.159s] Level 1:colcon.colcon_core.package_identification:_identify(src/inertiallabs_sdk/platforms/linux) by extension 'python'
[0.159s] Level 1:colcon.colcon_core.package_identification:_identify(src/inertiallabs_sdk/platforms/linux) by extensions ['python_setup_py']
[0.159s] Level 1:colcon.colcon_core.package_identification:_identify(src/inertiallabs_sdk/platforms/linux) by extension 'python_setup_py'
[0.159s] Level 1:colcon.colcon_core.package_identification:_identify(src/inertiallabs_sdk/platforms/windows) by extensions ['ignore', 'ignore_ament_install']
[0.159s] Level 1:colcon.colcon_core.package_identification:_identify(src/inertiallabs_sdk/platforms/windows) by extension 'ignore'
[0.159s] Level 1:colcon.colcon_core.package_identification:_identify(src/inertiallabs_sdk/platforms/windows) by extension 'ignore_ament_install'
[0.159s] Level 1:colcon.colcon_core.package_identification:_identify(src/inertiallabs_sdk/platforms/windows) by extensions ['colcon_pkg']
[0.159s] Level 1:colcon.colcon_core.package_identification:_identify(src/inertiallabs_sdk/platforms/windows) by extension 'colcon_pkg'
[0.159s] Level 1:colcon.colcon_core.package_identification:_identify(src/inertiallabs_sdk/platforms/windows) by extensions ['colcon_meta']
[0.159s] Level 1:colcon.colcon_core.package_identification:_identify(src/inertiallabs_sdk/platforms/windows) by extension 'colcon_meta'
[0.159s] Level 1:colcon.colcon_core.package_identification:_identify(src/inertiallabs_sdk/platforms/windows) by extensions ['ros']
[0.159s] Level 1:colcon.colcon_core.package_identification:_identify(src/inertiallabs_sdk/platforms/windows) by extension 'ros'
[0.159s] Level 1:colcon.colcon_core.package_identification:_identify(src/inertiallabs_sdk/platforms/windows) by extensions ['cmake', 'python']
[0.159s] Level 1:colcon.colcon_core.package_identification:_identify(src/inertiallabs_sdk/platforms/windows) by extension 'cmake'
[0.159s] Level 1:colcon.colcon_core.package_identification:_identify(src/inertiallabs_sdk/platforms/windows) by extension 'python'
[0.159s] Level 1:colcon.colcon_core.package_identification:_identify(src/inertiallabs_sdk/platforms/windows) by extensions ['python_setup_py']
[0.159s] Level 1:colcon.colcon_core.package_identification:_identify(src/inertiallabs_sdk/platforms/windows) by extension 'python_setup_py'
[0.159s] Level 1:colcon.colcon_core.package_discovery:discover_packages(recursive) using defaults
[0.159s] Level 1:colcon.colcon_core.package_discovery:discover_packages(ignore) discover
[0.159s] Level 1:colcon.colcon_core.package_discovery:discover_packages(ignore) using defaults
[0.159s] Level 1:colcon.colcon_core.package_discovery:discover_packages(path) discover
[0.159s] Level 1:colcon.colcon_core.package_discovery:discover_packages(path) using defaults
[0.170s] Level 1:colcon.colcon_core.package_discovery:discover_packages(prefix_path) check parameters
[0.170s] Level 1:colcon.colcon_core.package_discovery:discover_packages(prefix_path) discover
[0.171s] DEBUG:colcon.colcon_installed_package_information.package_discovery:Found 285 installed packages in /opt/ros/humble
[0.172s] Level 1:colcon.colcon_core.package_discovery:discover_packages(prefix_path) using defaults
[0.199s] Level 5:colcon.colcon_core.verb:set package 'inertiallabs_msgs' build argument 'cmake_args' from command line to 'None'
[0.199s] Level 5:colcon.colcon_core.verb:set package 'inertiallabs_msgs' build argument 'cmake_target' from command line to 'None'
[0.199s] Level 5:colcon.colcon_core.verb:set package 'inertiallabs_msgs' build argument 'cmake_target_skip_unavailable' from command line to 'False'
[0.199s] Level 5:colcon.colcon_core.verb:set package 'inertiallabs_msgs' build argument 'cmake_clean_cache' from command line to 'False'
[0.199s] Level 5:colcon.colcon_core.verb:set package 'inertiallabs_msgs' build argument 'cmake_clean_first' from command line to 'False'
[0.199s] Level 5:colcon.colcon_core.verb:set package 'inertiallabs_msgs' build argument 'cmake_force_configure' from command line to 'False'
[0.199s] Level 5:colcon.colcon_core.verb:set package 'inertiallabs_msgs' build argument 'ament_cmake_args' from command line to 'None'
[0.199s] Level 5:colcon.colcon_core.verb:set package 'inertiallabs_msgs' build argument 'catkin_cmake_args' from command line to 'None'
[0.199s] Level 5:colcon.colcon_core.verb:set package 'inertiallabs_msgs' build argument 'catkin_skip_building_tests' from command line to 'False'
[0.199s] DEBUG:colcon.colcon_core.verb:Building package 'inertiallabs_msgs' with the following arguments: {'ament_cmake_args': None, 'build_base': '/home/ycao/ins2_ws/build/inertiallabs_msgs', 'catkin_cmake_args': None, 'catkin_skip_building_tests': False, 'cmake_args': None, 'cmake_clean_cache': False, 'cmake_clean_first': False, 'cmake_force_configure': False, 'cmake_target': None, 'cmake_target_skip_unavailable': False, 'install_base': '/home/ycao/ins2_ws/install/inertiallabs_msgs', 'merge_install': False, 'path': '/home/ycao/ins2_ws/src/inertiallabs_msgs', 'symlink_install': False, 'test_result_base': None}
[0.199s] Level 5:colcon.colcon_core.verb:set package 'inertiallabs_ins' build argument 'cmake_args' from command line to 'None'
[0.199s] Level 5:colcon.colcon_core.verb:set package 'inertiallabs_ins' build argument 'cmake_target' from command line to 'None'
[0.199s] Level 5:colcon.colcon_core.verb:set package 'inertiallabs_ins' build argument 'cmake_target_skip_unavailable' from command line to 'False'
[0.199s] Level 5:colcon.colcon_core.verb:set package 'inertiallabs_ins' build argument 'cmake_clean_cache' from command line to 'False'
[0.199s] Level 5:colcon.colcon_core.verb:set package 'inertiallabs_ins' build argument 'cmake_clean_first' from command line to 'False'
[0.199s] Level 5:colcon.colcon_core.verb:set package 'inertiallabs_ins' build argument 'cmake_force_configure' from command line to 'False'
[0.199s] Level 5:colcon.colcon_core.verb:set package 'inertiallabs_ins' build argument 'ament_cmake_args' from command line to 'None'
[0.199s] Level 5:colcon.colcon_core.verb:set package 'inertiallabs_ins' build argument 'catkin_cmake_args' from command line to 'None'
[0.199s] Level 5:colcon.colcon_core.verb:set package 'inertiallabs_ins' build argument 'catkin_skip_building_tests' from command line to 'False'
[0.199s] DEBUG:colcon.colcon_core.verb:Building package 'inertiallabs_ins' with the following arguments: {'ament_cmake_args': None, 'build_base': '/home/ycao/ins2_ws/build/inertiallabs_ins', 'catkin_cmake_args': None, 'catkin_skip_building_tests': False, 'cmake_args': None, 'cmake_clean_cache': False, 'cmake_clean_first': False, 'cmake_force_configure': False, 'cmake_target': None, 'cmake_target_skip_unavailable': False, 'install_base': '/home/ycao/ins2_ws/install/inertiallabs_ins', 'merge_install': False, 'path': '/home/ycao/ins2_ws/src/inertiallabs_ins', 'symlink_install': False, 'test_result_base': None}
[0.199s] INFO:colcon.colcon_core.executor:Executing jobs using 'parallel' executor
[0.200s] DEBUG:colcon.colcon_parallel_executor.executor.parallel:run_until_complete
[0.200s] INFO:colcon.colcon_ros.task.ament_cmake.build:Building ROS package in '/home/ycao/ins2_ws/src/inertiallabs_msgs' with build type 'ament_cmake'
[0.200s] INFO:colcon.colcon_cmake.task.cmake.build:Building CMake package in '/home/ycao/ins2_ws/src/inertiallabs_msgs'
[0.201s] INFO:colcon.colcon_core.plugin_system:Skipping extension 'colcon_core.shell.bat': Not used on non-Windows systems
[0.202s] INFO:colcon.colcon_core.shell:Skip shell extension 'powershell' for command environment: Not usable outside of PowerShell
[0.202s] DEBUG:colcon.colcon_core.shell:Skip shell extension 'dsv' for command environment
[0.206s] DEBUG:colcon.colcon_core.event_handler.log_command:Invoking command in '/home/ycao/ins2_ws/build/inertiallabs_msgs': CMAKE_PREFIX_PATH=/opt/ros/humble /usr/bin/cmake /home/ycao/ins2_ws/src/inertiallabs_msgs -DCMAKE_INSTALL_PREFIX=/home/ycao/ins2_ws/install/inertiallabs_msgs
[3.115s] DEBUG:colcon.colcon_core.event_handler.log_command:Invoked command in '/home/ycao/ins2_ws/build/inertiallabs_msgs' returned '0': CMAKE_PREFIX_PATH=/opt/ros/humble /usr/bin/cmake /home/ycao/ins2_ws/src/inertiallabs_msgs -DCMAKE_INSTALL_PREFIX=/home/ycao/ins2_ws/install/inertiallabs_msgs
[3.116s] DEBUG:colcon.colcon_core.event_handler.log_command:Invoking command in '/home/ycao/ins2_ws/build/inertiallabs_msgs': CMAKE_PREFIX_PATH=/opt/ros/humble /usr/bin/cmake --build /home/ycao/ins2_ws/build/inertiallabs_msgs -- -j32 -l32
[4.742s] DEBUG:colcon.colcon_core.event_handler.log_command:Invoked command in '/home/ycao/ins2_ws/build/inertiallabs_msgs' returned '0': CMAKE_PREFIX_PATH=/opt/ros/humble /usr/bin/cmake --build /home/ycao/ins2_ws/build/inertiallabs_msgs -- -j32 -l32
[4.792s] DEBUG:colcon.colcon_core.event_handler.log_command:Invoking command in '/home/ycao/ins2_ws/build/inertiallabs_msgs': CMAKE_PREFIX_PATH=/opt/ros/humble /usr/bin/cmake --install /home/ycao/ins2_ws/build/inertiallabs_msgs
[4.831s] Level 1:colcon.colcon_core.environment:create_environment_scripts_only(inertiallabs_msgs)
[4.831s] DEBUG:colcon.colcon_core.event_handler.log_command:Invoked command in '/home/ycao/ins2_ws/build/inertiallabs_msgs' returned '0': CMAKE_PREFIX_PATH=/opt/ros/humble /usr/bin/cmake --install /home/ycao/ins2_ws/build/inertiallabs_msgs
[4.832s] Level 1:colcon.colcon_core.environment:checking '/home/ycao/ins2_ws/install/inertiallabs_msgs' for CMake module files
[4.832s] Level 1:colcon.colcon_core.environment:checking '/home/ycao/ins2_ws/install/inertiallabs_msgs' for CMake config files
[4.833s] Level 1:colcon.colcon_core.shell:create_environment_hook('inertiallabs_msgs', 'cmake_prefix_path')
[4.833s] INFO:colcon.colcon_core.shell:Creating environment hook '/home/ycao/ins2_ws/install/inertiallabs_msgs/share/inertiallabs_msgs/hook/cmake_prefix_path.ps1'
[4.833s] INFO:colcon.colcon_core.shell:Creating environment descriptor '/home/ycao/ins2_ws/install/inertiallabs_msgs/share/inertiallabs_msgs/hook/cmake_prefix_path.dsv'
[4.833s] INFO:colcon.colcon_core.shell:Creating environment hook '/home/ycao/ins2_ws/install/inertiallabs_msgs/share/inertiallabs_msgs/hook/cmake_prefix_path.sh'
[4.834s] Level 1:colcon.colcon_core.environment:checking '/home/ycao/ins2_ws/install/inertiallabs_msgs/lib'
[4.834s] Level 1:colcon.colcon_core.shell:create_environment_hook('inertiallabs_msgs', 'ld_library_path_lib')
[4.834s] INFO:colcon.colcon_core.shell:Creating environment hook '/home/ycao/ins2_ws/install/inertiallabs_msgs/share/inertiallabs_msgs/hook/ld_library_path_lib.ps1'
[4.834s] INFO:colcon.colcon_core.shell:Creating environment descriptor '/home/ycao/ins2_ws/install/inertiallabs_msgs/share/inertiallabs_msgs/hook/ld_library_path_lib.dsv'
[4.834s] INFO:colcon.colcon_core.shell:Creating environment hook '/home/ycao/ins2_ws/install/inertiallabs_msgs/share/inertiallabs_msgs/hook/ld_library_path_lib.sh'
[4.834s] Level 1:colcon.colcon_core.environment:checking '/home/ycao/ins2_ws/install/inertiallabs_msgs/bin'
[4.834s] Level 1:colcon.colcon_core.environment:checking '/home/ycao/ins2_ws/install/inertiallabs_msgs/lib/pkgconfig/inertiallabs_msgs.pc'
[4.834s] Level 1:colcon.colcon_core.environment:checking '/home/ycao/ins2_ws/install/inertiallabs_msgs/lib/python3.10/site-packages'
[4.835s] Level 1:colcon.colcon_core.environment:checking '/home/ycao/ins2_ws/install/inertiallabs_msgs/bin'
[4.835s] INFO:colcon.colcon_core.shell:Creating package script '/home/ycao/ins2_ws/install/inertiallabs_msgs/share/inertiallabs_msgs/package.ps1'
[4.835s] INFO:colcon.colcon_core.shell:Creating package descriptor '/home/ycao/ins2_ws/install/inertiallabs_msgs/share/inertiallabs_msgs/package.dsv'
[4.835s] INFO:colcon.colcon_core.shell:Creating package script '/home/ycao/ins2_ws/install/inertiallabs_msgs/share/inertiallabs_msgs/package.sh'
[4.836s] INFO:colcon.colcon_core.shell:Creating package script '/home/ycao/ins2_ws/install/inertiallabs_msgs/share/inertiallabs_msgs/package.bash'
[4.836s] INFO:colcon.colcon_core.shell:Creating package script '/home/ycao/ins2_ws/install/inertiallabs_msgs/share/inertiallabs_msgs/package.zsh'
[4.836s] Level 1:colcon.colcon_core.environment:create_file_with_runtime_dependencies(/home/ycao/ins2_ws/install/inertiallabs_msgs/share/colcon-core/packages/inertiallabs_msgs)
[4.885s] Level 1:colcon.colcon_core.environment:create_environment_scripts_only(inertiallabs_msgs)
[4.885s] Level 1:colcon.colcon_core.environment:checking '/home/ycao/ins2_ws/install/inertiallabs_msgs' for CMake module files
[4.885s] Level 1:colcon.colcon_core.environment:checking '/home/ycao/ins2_ws/install/inertiallabs_msgs' for CMake config files
[4.886s] Level 1:colcon.colcon_core.shell:create_environment_hook('inertiallabs_msgs', 'cmake_prefix_path')
[4.886s] INFO:colcon.colcon_core.shell:Creating environment hook '/home/ycao/ins2_ws/install/inertiallabs_msgs/share/inertiallabs_msgs/hook/cmake_prefix_path.ps1'
[4.886s] INFO:colcon.colcon_core.shell:Creating environment descriptor '/home/ycao/ins2_ws/install/inertiallabs_msgs/share/inertiallabs_msgs/hook/cmake_prefix_path.dsv'
[4.886s] INFO:colcon.colcon_core.shell:Creating environment hook '/home/ycao/ins2_ws/install/inertiallabs_msgs/share/inertiallabs_msgs/hook/cmake_prefix_path.sh'
[4.886s] Level 1:colcon.colcon_core.environment:checking '/home/ycao/ins2_ws/install/inertiallabs_msgs/lib'
[4.886s] Level 1:colcon.colcon_core.shell:create_environment_hook('inertiallabs_msgs', 'ld_library_path_lib')
[4.886s] INFO:colcon.colcon_core.shell:Creating environment hook '/home/ycao/ins2_ws/install/inertiallabs_msgs/share/inertiallabs_msgs/hook/ld_library_path_lib.ps1'
[4.887s] INFO:colcon.colcon_core.shell:Creating environment descriptor '/home/ycao/ins2_ws/install/inertiallabs_msgs/share/inertiallabs_msgs/hook/ld_library_path_lib.dsv'
[4.887s] INFO:colcon.colcon_core.shell:Creating environment hook '/home/ycao/ins2_ws/install/inertiallabs_msgs/share/inertiallabs_msgs/hook/ld_library_path_lib.sh'
[4.887s] Level 1:colcon.colcon_core.environment:checking '/home/ycao/ins2_ws/install/inertiallabs_msgs/bin'
[4.887s] Level 1:colcon.colcon_core.environment:checking '/home/ycao/ins2_ws/install/inertiallabs_msgs/lib/pkgconfig/inertiallabs_msgs.pc'
[4.887s] Level 1:colcon.colcon_core.environment:checking '/home/ycao/ins2_ws/install/inertiallabs_msgs/lib/python3.10/site-packages'
[4.887s] Level 1:colcon.colcon_core.environment:checking '/home/ycao/ins2_ws/install/inertiallabs_msgs/bin'
[4.887s] INFO:colcon.colcon_core.shell:Creating package script '/home/ycao/ins2_ws/install/inertiallabs_msgs/share/inertiallabs_msgs/package.ps1'
[4.887s] INFO:colcon.colcon_core.shell:Creating package descriptor '/home/ycao/ins2_ws/install/inertiallabs_msgs/share/inertiallabs_msgs/package.dsv'
[4.888s] INFO:colcon.colcon_core.shell:Creating package script '/home/ycao/ins2_ws/install/inertiallabs_msgs/share/inertiallabs_msgs/package.sh'
[4.888s] INFO:colcon.colcon_core.shell:Creating package script '/home/ycao/ins2_ws/install/inertiallabs_msgs/share/inertiallabs_msgs/package.bash'
[4.888s] INFO:colcon.colcon_core.shell:Creating package script '/home/ycao/ins2_ws/install/inertiallabs_msgs/share/inertiallabs_msgs/package.zsh'
[4.888s] Level 1:colcon.colcon_core.environment:create_file_with_runtime_dependencies(/home/ycao/ins2_ws/install/inertiallabs_msgs/share/colcon-core/packages/inertiallabs_msgs)
[4.888s] INFO:colcon.colcon_ros.task.ament_cmake.build:Building ROS package in '/home/ycao/ins2_ws/src/inertiallabs_ins' with build type 'ament_cmake'
[4.888s] INFO:colcon.colcon_cmake.task.cmake.build:Building CMake package in '/home/ycao/ins2_ws/src/inertiallabs_ins'
[4.888s] INFO:colcon.colcon_core.shell:Skip shell extension 'powershell' for command environment: Not usable outside of PowerShell
[4.888s] DEBUG:colcon.colcon_core.shell:Skip shell extension 'dsv' for command environment
[4.912s] DEBUG:colcon.colcon_core.event_handler.log_command:Invoking command in '/home/ycao/ins2_ws/build/inertiallabs_ins': AMENT_PREFIX_PATH=/home/ycao/ins2_ws/install/inertiallabs_msgs:${AMENT_PREFIX_PATH} CMAKE_PREFIX_PATH=/home/ycao/ins2_ws/install/inertiallabs_msgs:/opt/ros/humble LD_LIBRARY_PATH=/home/ycao/ins2_ws/install/inertiallabs_msgs/lib:${LD_LIBRARY_PATH} PYTHONPATH=/home/ycao/ins2_ws/install/inertiallabs_msgs/local/lib/python3.10/dist-packages:${PYTHONPATH} /usr/bin/cmake /home/ycao/ins2_ws/src/inertiallabs_ins -DCMAKE_INSTALL_PREFIX=/home/ycao/ins2_ws/install/inertiallabs_ins
[7.060s] DEBUG:colcon.colcon_core.event_handler.log_command:Invoked command in '/home/ycao/ins2_ws/build/inertiallabs_ins' returned '0': AMENT_PREFIX_PATH=/home/ycao/ins2_ws/install/inertiallabs_msgs:${AMENT_PREFIX_PATH} CMAKE_PREFIX_PATH=/home/ycao/ins2_ws/install/inertiallabs_msgs:/opt/ros/humble LD_LIBRARY_PATH=/home/ycao/ins2_ws/install/inertiallabs_msgs/lib:${LD_LIBRARY_PATH} PYTHONPATH=/home/ycao/ins2_ws/install/inertiallabs_msgs/local/lib/python3.10/dist-packages:${PYTHONPATH} /usr/bin/cmake /home/ycao/ins2_ws/src/inertiallabs_ins -DCMAKE_INSTALL_PREFIX=/home/ycao/ins2_ws/install/inertiallabs_ins
[7.061s] DEBUG:colcon.colcon_core.event_handler.log_command:Invoking command in '/home/ycao/ins2_ws/build/inertiallabs_ins': AMENT_PREFIX_PATH=/home/ycao/ins2_ws/install/inertiallabs_msgs:${AMENT_PREFIX_PATH} CMAKE_PREFIX_PATH=/home/ycao/ins2_ws/install/inertiallabs_msgs:/opt/ros/humble LD_LIBRARY_PATH=/home/ycao/ins2_ws/install/inertiallabs_msgs/lib:${LD_LIBRARY_PATH} PYTHONPATH=/home/ycao/ins2_ws/install/inertiallabs_msgs/local/lib/python3.10/dist-packages:${PYTHONPATH} /usr/bin/cmake --build /home/ycao/ins2_ws/build/inertiallabs_ins -- -j32 -l32
[10.029s] DEBUG:colcon.colcon_core.event_handler.log_command:Invoked command in '/home/ycao/ins2_ws/build/inertiallabs_ins' returned '2': AMENT_PREFIX_PATH=/home/ycao/ins2_ws/install/inertiallabs_msgs:${AMENT_PREFIX_PATH} CMAKE_PREFIX_PATH=/home/ycao/ins2_ws/install/inertiallabs_msgs:/opt/ros/humble LD_LIBRARY_PATH=/home/ycao/ins2_ws/install/inertiallabs_msgs/lib:${LD_LIBRARY_PATH} PYTHONPATH=/home/ycao/ins2_ws/install/inertiallabs_msgs/local/lib/python3.10/dist-packages:${PYTHONPATH} /usr/bin/cmake --build /home/ycao/ins2_ws/build/inertiallabs_ins -- -j32 -l32
[10.042s] Level 1:colcon.colcon_core.environment:create_environment_scripts_only(inertiallabs_ins)
[10.042s] Level 1:colcon.colcon_core.environment:checking '/home/ycao/ins2_ws/install/inertiallabs_ins' for CMake module files
[10.042s] Level 1:colcon.colcon_core.environment:checking '/home/ycao/ins2_ws/install/inertiallabs_ins' for CMake config files
[10.042s] Level 1:colcon.colcon_core.environment:checking '/home/ycao/ins2_ws/install/inertiallabs_ins/bin'
[10.042s] Level 1:colcon.colcon_core.environment:checking '/home/ycao/ins2_ws/install/inertiallabs_ins/lib/pkgconfig/inertiallabs_ins.pc'
[10.043s] Level 1:colcon.colcon_core.environment:checking '/home/ycao/ins2_ws/install/inertiallabs_ins/lib/python3.10/site-packages'
[10.043s] Level 1:colcon.colcon_core.environment:checking '/home/ycao/ins2_ws/install/inertiallabs_ins/bin'
[10.043s] INFO:colcon.colcon_core.shell:Creating package script '/home/ycao/ins2_ws/install/inertiallabs_ins/share/inertiallabs_ins/package.ps1'
[10.043s] INFO:colcon.colcon_core.shell:Creating package descriptor '/home/ycao/ins2_ws/install/inertiallabs_ins/share/inertiallabs_ins/package.dsv'
[10.043s] INFO:colcon.colcon_core.shell:Creating package script '/home/ycao/ins2_ws/install/inertiallabs_ins/share/inertiallabs_ins/package.sh'
[10.044s] INFO:colcon.colcon_core.shell:Creating package script '/home/ycao/ins2_ws/install/inertiallabs_ins/share/inertiallabs_ins/package.bash'
[10.044s] INFO:colcon.colcon_core.shell:Creating package script '/home/ycao/ins2_ws/install/inertiallabs_ins/share/inertiallabs_ins/package.zsh'
[10.044s] Level 1:colcon.colcon_core.environment:create_file_with_runtime_dependencies(/home/ycao/ins2_ws/install/inertiallabs_ins/share/colcon-core/packages/inertiallabs_ins)
[10.054s] DEBUG:colcon.colcon_parallel_executor.executor.parallel:closing loop
[10.054s] DEBUG:colcon.colcon_parallel_executor.executor.parallel:loop closed
[10.054s] DEBUG:colcon.colcon_parallel_executor.executor.parallel:run_until_complete finished with '2'
[10.055s] DEBUG:colcon.colcon_core.event_reactor:joining thread
[10.065s] INFO:colcon.colcon_core.plugin_system:Skipping extension 'colcon_notification.desktop_notification.notify_send': Could not find 'notify-send'
[10.065s] INFO:colcon.colcon_core.plugin_system:Skipping extension 'colcon_notification.desktop_notification.terminal_notifier': Not used on non-Darwin systems
[10.065s] INFO:colcon.colcon_core.plugin_system:Skipping extension 'colcon_notification.desktop_notification.win32': Not used on non-Windows systems
[10.065s] INFO:colcon.colcon_notification.desktop_notification:Sending desktop notification using 'notify2'
[10.065s] DEBUG:colcon.colcon_notification.desktop_notification.notify2:Failed to initialize notify2: org.freedesktop.DBus.Error.FileNotFound: Failed to connect to socket /run/user/1000/bus: No such file or directory
[10.065s] DEBUG:colcon.colcon_core.event_reactor:joined thread
[10.066s] INFO:colcon.colcon_core.shell:Creating prefix script '/home/ycao/ins2_ws/install/local_setup.ps1'
[10.066s] INFO:colcon.colcon_core.shell:Creating prefix util module '/home/ycao/ins2_ws/install/_local_setup_util_ps1.py'
[10.067s] INFO:colcon.colcon_core.shell:Creating prefix chain script '/home/ycao/ins2_ws/install/setup.ps1'
[10.067s] INFO:colcon.colcon_core.shell:Creating prefix script '/home/ycao/ins2_ws/install/local_setup.sh'
[10.068s] INFO:colcon.colcon_core.shell:Creating prefix util module '/home/ycao/ins2_ws/install/_local_setup_util_sh.py'
[10.068s] INFO:colcon.colcon_core.shell:Creating prefix chain script '/home/ycao/ins2_ws/install/setup.sh'
[10.068s] INFO:colcon.colcon_core.shell:Creating prefix script '/home/ycao/ins2_ws/install/local_setup.bash'
[10.068s] INFO:colcon.colcon_core.shell:Creating prefix chain script '/home/ycao/ins2_ws/install/setup.bash'
[10.069s] INFO:colcon.colcon_core.shell:Creating prefix script '/home/ycao/ins2_ws/install/local_setup.zsh'
[10.069s] INFO:colcon.colcon_core.shell:Creating prefix chain script '/home/ycao/ins2_ws/install/setup.zsh'
