-- The C compiler identification is GNU 11.4.0
-- The CXX compiler identification is GNU 11.4.0
-- Detecting C compiler ABI info
-- Detecting C compiler ABI info - done
-- Check for working C compiler: /usr/bin/cc - skipped
-- Detecting C compile features
-- Detecting C compile features - done
-- Detecting CXX compiler ABI info
-- Detecting CXX compiler ABI info - done
-- Check for working CXX compiler: /usr/bin/c++ - skipped
-- Detecting CXX compile features
-- Detecting CXX compile features - done
-- Found ament_cmake: 1.3.10 (/opt/ros/humble/share/ament_cmake/cmake)
-- Found Python3: /usr/bin/python3 (found version "3.10.12") found components: Interpreter 
-- Found rclcpp: 16.0.10 (/opt/ros/humble/share/rclcpp/cmake)
-- Found rosidl_generator_c: 3.1.5 (/opt/ros/humble/share/rosidl_generator_c/cmake)
-- Found rosidl_adapter: 3.1.5 (/opt/ros/humble/share/rosidl_adapter/cmake)
-- Found rosidl_generator_cpp: 3.1.5 (/opt/ros/humble/share/rosidl_generator_cpp/cmake)
-- Using all available rosidl_typesupport_c: rosidl_typesupport_fastrtps_c;rosidl_typesupport_introspection_c
-- Using all available rosidl_typesupport_cpp: rosidl_typesupport_fastrtps_cpp;rosidl_typesupport_introspection_cpp
-- Found rmw_implementation_cmake: 6.1.2 (/opt/ros/humble/share/rmw_implementation_cmake/cmake)
-- Found rmw_fastrtps_cpp: 6.2.7 (/opt/ros/humble/share/rmw_fastrtps_cpp/cmake)
-- Found OpenSSL: /usr/lib/x86_64-linux-gnu/libcrypto.so (found version "3.0.2")  
-- Found FastRTPS: /opt/ros/humble/include  
-- Using RMW implementation 'rmw_fastrtps_cpp' as default
-- Looking for pthread.h
-- Looking for pthread.h - found
-- Performing Test CMAKE_HAVE_LIBC_PTHREAD
-- Performing Test CMAKE_HAVE_LIBC_PTHREAD - Success
-- Found Threads: TRUE  
-- Found tf2: 0.25.7 (/opt/ros/humble/share/tf2/cmake)
-- Found rosidl_default_generators: 1.2.0 (/opt/ros/humble/share/rosidl_default_generators/cmake)
-- Found inertiallabs_msgs: 0.0.0 (/home/ycao/ins2_ws/install/inertiallabs_msgs/share/inertiallabs_msgs/cmake)
-- Found ament_lint_auto: 0.12.11 (/opt/ros/humble/share/ament_lint_auto/cmake)
-- Added test 'cppcheck' to perform static code analysis on C / C++ code
-- Configured cppcheck include dirs: /home/ycao/ins2_ws/src/inertiallabs_ins/include;/home/ycao/ins2_ws/src/inertiallabs_ins/../inertiallabs_sdk;/home/ycao/ins2_ws/src/inertiallabs_ins/./include/inertiallabs_ins
-- Configured cppcheck exclude dirs and/or files: 
-- Added test 'lint_cmake' to check CMake code style
-- Added test 'uncrustify' to check C / C++ code style
-- Configured uncrustify additional arguments: 
-- Added test 'xmllint' to check XML markup files
-- Configuring done
-- Generating done
-- Build files have been written to: /home/ycao/ins2_ws/build/inertiallabs_ins
gmake[1]: Entering directory '/home/ycao/ins2_ws/build/inertiallabs_ins'
gmake[2]: Entering directory '/home/ycao/ins2_ws/build/inertiallabs_ins'
gmake[3]: Entering directory '/home/ycao/ins2_ws/build/inertiallabs_ins'
gmake[3]: Leaving directory '/home/ycao/ins2_ws/build/inertiallabs_ins'
gmake[3]: Entering directory '/home/ycao/ins2_ws/build/inertiallabs_ins'
[ 16%] [32mBuilding CXX object CMakeFiles/il_ins.dir/src/il_ins.cpp.o[0m
[ 33%] [32mBuilding CXX object CMakeFiles/il_ins.dir/home/ycao/ins2_ws/src/inertiallabs_sdk/ILDriver.cpp.o[0m
[ 50%] [32mBuilding CXX object CMakeFiles/il_ins.dir/home/ycao/ins2_ws/src/inertiallabs_sdk/UDDParser.cpp.o[0m
[ 66%] [32mBuilding CXX object CMakeFiles/il_ins.dir/home/ycao/ins2_ws/src/inertiallabs_sdk/platforms/linux/NetClient.cpp.o[0m
[ 83%] [32mBuilding CXX object CMakeFiles/il_ins.dir/home/ycao/ins2_ws/src/inertiallabs_sdk/platforms/linux/SerialPort.cpp.o[0m
[100%] [32m[1mLinking CXX executable il_ins[0m
gmake[3]: Leaving directory '/home/ycao/ins2_ws/build/inertiallabs_ins'
gmake[2]: Leaving directory '/home/ycao/ins2_ws/build/inertiallabs_ins'
gmake[1]: Leaving directory '/home/ycao/ins2_ws/build/inertiallabs_ins'
