-- The C compiler identification is GNU 11.4.0
-- The CXX compiler identification is GNU 11.4.0
-- Detecting C compiler ABI info
-- Detecting C compiler ABI info - done
-- Check for working C compiler: /usr/bin/cc - skipped
-- Detecting C compile features
-- Detecting C compile features - done
-- Detecting CXX compiler ABI info
-- Detecting CXX compiler ABI info - done
-- Check for working CXX compiler: /usr/bin/c++ - skipped
-- Detecting CXX compile features
-- Detecting CXX compile features - done
-- Found ament_cmake: 1.3.10 (/opt/ros/humble/share/ament_cmake/cmake)
-- Found Python3: /usr/bin/python3 (found version "3.10.12") found components: Interpreter 
-- Found rclcpp: 16.0.10 (/opt/ros/humble/share/rclcpp/cmake)
-- Found rosidl_generator_c: 3.1.5 (/opt/ros/humble/share/rosidl_generator_c/cmake)
-- Found rosidl_adapter: 3.1.5 (/opt/ros/humble/share/rosidl_adapter/cmake)
-- Found rosidl_generator_cpp: 3.1.5 (/opt/ros/humble/share/rosidl_generator_cpp/cmake)
-- Using all available rosidl_typesupport_c: rosidl_typesupport_fastrtps_c;rosidl_typesupport_introspection_c
-- Using all available rosidl_typesupport_cpp: rosidl_typesupport_fastrtps_cpp;rosidl_typesupport_introspection_cpp
-- Found rmw_implementation_cmake: 6.1.2 (/opt/ros/humble/share/rmw_implementation_cmake/cmake)
-- Found rmw_fastrtps_cpp: 6.2.7 (/opt/ros/humble/share/rmw_fastrtps_cpp/cmake)
-- Found OpenSSL: /usr/lib/x86_64-linux-gnu/libcrypto.so (found version "3.0.2")  
-- Found FastRTPS: /opt/ros/humble/include  
-- Using RMW implementation 'rmw_fastrtps_cpp' as default
-- Looking for pthread.h
-- Looking for pthread.h - found
-- Performing Test CMAKE_HAVE_LIBC_PTHREAD
-- Performing Test CMAKE_HAVE_LIBC_PTHREAD - Success
-- Found Threads: TRUE  
-- Found rosidl_default_generators: 1.2.0 (/opt/ros/humble/share/rosidl_default_generators/cmake)
-- Found geometry_msgs: 4.2.4 (/opt/ros/humble/share/geometry_msgs/cmake)
-- Found actionlib_msgs: 4.2.4 (/opt/ros/humble/share/actionlib_msgs/cmake)
-- Found ament_cmake_ros: 0.10.0 (/opt/ros/humble/share/ament_cmake_ros/cmake)
-- Using all available rosidl_typesupport_c: rosidl_typesupport_fastrtps_c;rosidl_typesupport_introspection_c
-- Using all available rosidl_typesupport_cpp: rosidl_typesupport_fastrtps_cpp;rosidl_typesupport_introspection_cpp
-- Found PythonInterp: /usr/bin/python3 (found suitable version "3.10.12", minimum required is "3.6") 
-- Found python_cmake_module: 0.10.0 (/opt/ros/humble/share/python_cmake_module/cmake)
-- Found PythonLibs: /usr/lib/x86_64-linux-gnu/libpython3.10.so (found suitable version "3.10.12", minimum required is "3.5") 
-- Using PYTHON_EXECUTABLE: /usr/bin/python3
-- Using PYTHON_INCLUDE_DIRS: /usr/include/python3.10
-- Using PYTHON_LIBRARIES: /usr/lib/x86_64-linux-gnu/libpython3.10.so
-- Found PythonExtra: .so  
-- Found ament_lint_auto: 0.12.11 (/opt/ros/humble/share/ament_lint_auto/cmake)
-- Added test 'lint_cmake' to check CMake code style
-- Added test 'xmllint' to check XML markup files
-- Configuring done
-- Generating done
-- Build files have been written to: /home/ycao/ins2_ws/build/inertiallabs_msgs
gmake[1]: Entering directory '/home/ycao/ins2_ws/build/inertiallabs_msgs'
gmake[2]: Entering directory '/home/ycao/ins2_ws/build/inertiallabs_msgs'
gmake[3]: Entering directory '/home/ycao/ins2_ws/build/inertiallabs_msgs'
gmake[3]: Entering directory '/home/ycao/ins2_ws/build/inertiallabs_msgs'
gmake[3]: Entering directory '/home/ycao/ins2_ws/build/inertiallabs_msgs'
[  1%] [34m[1mGenerating C code for ROS interfaces[0m
gmake[3]: Leaving directory '/home/ycao/ins2_ws/build/inertiallabs_msgs'
gmake[3]: Leaving directory '/home/ycao/ins2_ws/build/inertiallabs_msgs'
gmake[3]: Entering directory '/home/ycao/ins2_ws/build/inertiallabs_msgs'
gmake[3]: Entering directory '/home/ycao/ins2_ws/build/inertiallabs_msgs'
gmake[3]: Leaving directory '/home/ycao/ins2_ws/build/inertiallabs_msgs'
[  3%] [34m[1mGenerating C++ code for ROS interfaces[0m
[  3%] Built target ament_cmake_python_copy_inertiallabs_msgs
gmake[3]: Entering directory '/home/ycao/ins2_ws/build/inertiallabs_msgs'
gmake[3]: Leaving directory '/home/ycao/ins2_ws/build/inertiallabs_msgs'
gmake[3]: Entering directory '/home/ycao/ins2_ws/build/inertiallabs_msgs'
running egg_info
creating inertiallabs_msgs.egg-info
writing inertiallabs_msgs.egg-info/PKG-INFO
writing dependency_links to inertiallabs_msgs.egg-info/dependency_links.txt
writing top-level names to inertiallabs_msgs.egg-info/top_level.txt
writing manifest file 'inertiallabs_msgs.egg-info/SOURCES.txt'
reading manifest file 'inertiallabs_msgs.egg-info/SOURCES.txt'
writing manifest file 'inertiallabs_msgs.egg-info/SOURCES.txt'
gmake[3]: Leaving directory '/home/ycao/ins2_ws/build/inertiallabs_msgs'
[  3%] Built target ament_cmake_python_build_inertiallabs_msgs_egg
gmake[3]: Leaving directory '/home/ycao/ins2_ws/build/inertiallabs_msgs'
[  3%] Built target inertiallabs_msgs__cpp
gmake[3]: Entering directory '/home/ycao/ins2_ws/build/inertiallabs_msgs'
gmake[3]: Entering directory '/home/ycao/ins2_ws/build/inertiallabs_msgs'
gmake[3]: Entering directory '/home/ycao/ins2_ws/build/inertiallabs_msgs'
gmake[3]: Leaving directory '/home/ycao/ins2_ws/build/inertiallabs_msgs'
[  4%] [34m[1mGenerating C++ type support dispatch for ROS interfaces[0m
[  6%] [34m[1mGenerating C++ type support for eProsima Fast-RTPS[0m
[  7%] [34m[1mGenerating C++ introspection for ROS interfaces[0m
gmake[3]: Entering directory '/home/ycao/ins2_ws/build/inertiallabs_msgs'
[  9%] [32mBuilding C object CMakeFiles/inertiallabs_msgs__rosidl_generator_c.dir/rosidl_generator_c/inertiallabs_msgs/msg/detail/ins_data__functions.c.o[0m
[ 12%] [32mBuilding C object CMakeFiles/inertiallabs_msgs__rosidl_generator_c.dir/rosidl_generator_c/inertiallabs_msgs/msg/detail/marine_data__functions.c.o[0m
[ 11%] [32mBuilding C object CMakeFiles/inertiallabs_msgs__rosidl_generator_c.dir/rosidl_generator_c/inertiallabs_msgs/msg/detail/gps_data__functions.c.o[0m
[ 14%] [32mBuilding C object CMakeFiles/inertiallabs_msgs__rosidl_generator_c.dir/rosidl_generator_c/inertiallabs_msgs/msg/detail/sensor_data__functions.c.o[0m
[ 15%] [32mBuilding C object CMakeFiles/inertiallabs_msgs__rosidl_generator_c.dir/rosidl_generator_c/inertiallabs_msgs/msg/detail/gnss_data__functions.c.o[0m
[ 17%] [32m[1mLinking C shared library libinertiallabs_msgs__rosidl_generator_c.so[0m
gmake[3]: Leaving directory '/home/ycao/ins2_ws/build/inertiallabs_msgs'
[ 17%] Built target inertiallabs_msgs__rosidl_generator_c
gmake[3]: Entering directory '/home/ycao/ins2_ws/build/inertiallabs_msgs'
gmake[3]: Entering directory '/home/ycao/ins2_ws/build/inertiallabs_msgs'
gmake[3]: Entering directory '/home/ycao/ins2_ws/build/inertiallabs_msgs'
[ 20%] [34m[1mGenerating C introspection for ROS interfaces[0m
[ 20%] [34m[1mGenerating C type support for eProsima Fast-RTPS[0m
[ 22%] [34m[1mGenerating C type support dispatch for ROS interfaces[0m
gmake[3]: Leaving directory '/home/ycao/ins2_ws/build/inertiallabs_msgs'
gmake[3]: Entering directory '/home/ycao/ins2_ws/build/inertiallabs_msgs'
[ 23%] [32mBuilding CXX object CMakeFiles/inertiallabs_msgs__rosidl_typesupport_cpp.dir/rosidl_typesupport_cpp/inertiallabs_msgs/msg/ins_data__type_support.cpp.o[0m
[ 25%] [32mBuilding CXX object CMakeFiles/inertiallabs_msgs__rosidl_typesupport_cpp.dir/rosidl_typesupport_cpp/inertiallabs_msgs/msg/gnss_data__type_support.cpp.o[0m
[ 26%] [32mBuilding CXX object CMakeFiles/inertiallabs_msgs__rosidl_typesupport_cpp.dir/rosidl_typesupport_cpp/inertiallabs_msgs/msg/gps_data__type_support.cpp.o[0m
[ 28%] [32mBuilding CXX object CMakeFiles/inertiallabs_msgs__rosidl_typesupport_cpp.dir/rosidl_typesupport_cpp/inertiallabs_msgs/msg/sensor_data__type_support.cpp.o[0m
[ 30%] [32mBuilding CXX object CMakeFiles/inertiallabs_msgs__rosidl_typesupport_cpp.dir/rosidl_typesupport_cpp/inertiallabs_msgs/msg/marine_data__type_support.cpp.o[0m
gmake[3]: Leaving directory '/home/ycao/ins2_ws/build/inertiallabs_msgs'
gmake[3]: Entering directory '/home/ycao/ins2_ws/build/inertiallabs_msgs'
[ 31%] [32mBuilding CXX object CMakeFiles/inertiallabs_msgs__rosidl_typesupport_introspection_cpp.dir/rosidl_typesupport_introspection_cpp/inertiallabs_msgs/msg/detail/ins_data__type_support.cpp.o[0m
[ 33%] [32mBuilding CXX object CMakeFiles/inertiallabs_msgs__rosidl_typesupport_introspection_cpp.dir/rosidl_typesupport_introspection_cpp/inertiallabs_msgs/msg/detail/sensor_data__type_support.cpp.o[0m
[ 34%] [32mBuilding CXX object CMakeFiles/inertiallabs_msgs__rosidl_typesupport_introspection_cpp.dir/rosidl_typesupport_introspection_cpp/inertiallabs_msgs/msg/detail/gps_data__type_support.cpp.o[0m
[ 36%] [32mBuilding CXX object CMakeFiles/inertiallabs_msgs__rosidl_typesupport_introspection_cpp.dir/rosidl_typesupport_introspection_cpp/inertiallabs_msgs/msg/detail/marine_data__type_support.cpp.o[0m
[ 38%] [32mBuilding CXX object CMakeFiles/inertiallabs_msgs__rosidl_typesupport_introspection_cpp.dir/rosidl_typesupport_introspection_cpp/inertiallabs_msgs/msg/detail/gnss_data__type_support.cpp.o[0m
gmake[3]: Leaving directory '/home/ycao/ins2_ws/build/inertiallabs_msgs'
gmake[3]: Entering directory '/home/ycao/ins2_ws/build/inertiallabs_msgs'
[ 39%] [32mBuilding CXX object CMakeFiles/inertiallabs_msgs__rosidl_typesupport_fastrtps_cpp.dir/rosidl_typesupport_fastrtps_cpp/inertiallabs_msgs/msg/detail/dds_fastrtps/ins_data__type_support.cpp.o[0m
[ 41%] [32mBuilding CXX object CMakeFiles/inertiallabs_msgs__rosidl_typesupport_fastrtps_cpp.dir/rosidl_typesupport_fastrtps_cpp/inertiallabs_msgs/msg/detail/dds_fastrtps/gnss_data__type_support.cpp.o[0m
[ 42%] [32mBuilding CXX object CMakeFiles/inertiallabs_msgs__rosidl_typesupport_fastrtps_cpp.dir/rosidl_typesupport_fastrtps_cpp/inertiallabs_msgs/msg/detail/dds_fastrtps/sensor_data__type_support.cpp.o[0m
[ 44%] [32mBuilding CXX object CMakeFiles/inertiallabs_msgs__rosidl_typesupport_fastrtps_cpp.dir/rosidl_typesupport_fastrtps_cpp/inertiallabs_msgs/msg/detail/dds_fastrtps/gps_data__type_support.cpp.o[0m
[ 46%] [32mBuilding CXX object CMakeFiles/inertiallabs_msgs__rosidl_typesupport_fastrtps_cpp.dir/rosidl_typesupport_fastrtps_cpp/inertiallabs_msgs/msg/detail/dds_fastrtps/marine_data__type_support.cpp.o[0m
gmake[3]: Leaving directory '/home/ycao/ins2_ws/build/inertiallabs_msgs'
gmake[3]: Entering directory '/home/ycao/ins2_ws/build/inertiallabs_msgs'
[ 49%] [32mBuilding CXX object CMakeFiles/inertiallabs_msgs__rosidl_typesupport_c.dir/rosidl_typesupport_c/inertiallabs_msgs/msg/marine_data__type_support.cpp.o[0m
[ 49%] [32mBuilding CXX object CMakeFiles/inertiallabs_msgs__rosidl_typesupport_c.dir/rosidl_typesupport_c/inertiallabs_msgs/msg/gnss_data__type_support.cpp.o[0m
[ 50%] [32mBuilding CXX object CMakeFiles/inertiallabs_msgs__rosidl_typesupport_c.dir/rosidl_typesupport_c/inertiallabs_msgs/msg/ins_data__type_support.cpp.o[0m
[ 52%] [32mBuilding CXX object CMakeFiles/inertiallabs_msgs__rosidl_typesupport_c.dir/rosidl_typesupport_c/inertiallabs_msgs/msg/gps_data__type_support.cpp.o[0m
[ 53%] [32mBuilding CXX object CMakeFiles/inertiallabs_msgs__rosidl_typesupport_c.dir/rosidl_typesupport_c/inertiallabs_msgs/msg/sensor_data__type_support.cpp.o[0m
[ 55%] [32m[1mLinking CXX shared library libinertiallabs_msgs__rosidl_typesupport_c.so[0m
gmake[3]: Leaving directory '/home/ycao/ins2_ws/build/inertiallabs_msgs'
gmake[3]: Entering directory '/home/ycao/ins2_ws/build/inertiallabs_msgs'
[ 60%] [32mBuilding C object CMakeFiles/inertiallabs_msgs__rosidl_typesupport_introspection_c.dir/rosidl_typesupport_introspection_c/inertiallabs_msgs/msg/detail/marine_data__type_support.c.o[0m
[ 60%] [32mBuilding C object CMakeFiles/inertiallabs_msgs__rosidl_typesupport_introspection_c.dir/rosidl_typesupport_introspection_c/inertiallabs_msgs/msg/detail/gps_data__type_support.c.o[0m
[ 60%] [32mBuilding C object CMakeFiles/inertiallabs_msgs__rosidl_typesupport_introspection_c.dir/rosidl_typesupport_introspection_c/inertiallabs_msgs/msg/detail/sensor_data__type_support.c.o[0m
[ 63%] [32mBuilding C object CMakeFiles/inertiallabs_msgs__rosidl_typesupport_introspection_c.dir/rosidl_typesupport_introspection_c/inertiallabs_msgs/msg/detail/ins_data__type_support.c.o[0m
[ 63%] [32mBuilding C object CMakeFiles/inertiallabs_msgs__rosidl_typesupport_introspection_c.dir/rosidl_typesupport_introspection_c/inertiallabs_msgs/msg/detail/gnss_data__type_support.c.o[0m
gmake[3]: Leaving directory '/home/ycao/ins2_ws/build/inertiallabs_msgs'
gmake[3]: Entering directory '/home/ycao/ins2_ws/build/inertiallabs_msgs'
[ 65%] [32mBuilding CXX object CMakeFiles/inertiallabs_msgs__rosidl_typesupport_fastrtps_c.dir/rosidl_typesupport_fastrtps_c/inertiallabs_msgs/msg/detail/ins_data__type_support_c.cpp.o[0m
[ 66%] [32mBuilding CXX object CMakeFiles/inertiallabs_msgs__rosidl_typesupport_fastrtps_c.dir/rosidl_typesupport_fastrtps_c/inertiallabs_msgs/msg/detail/marine_data__type_support_c.cpp.o[0m
[ 68%] [32mBuilding CXX object CMakeFiles/inertiallabs_msgs__rosidl_typesupport_fastrtps_c.dir/rosidl_typesupport_fastrtps_c/inertiallabs_msgs/msg/detail/gps_data__type_support_c.cpp.o[0m
[ 69%] [32mBuilding CXX object CMakeFiles/inertiallabs_msgs__rosidl_typesupport_fastrtps_c.dir/rosidl_typesupport_fastrtps_c/inertiallabs_msgs/msg/detail/sensor_data__type_support_c.cpp.o[0m
[ 71%] [32mBuilding CXX object CMakeFiles/inertiallabs_msgs__rosidl_typesupport_fastrtps_c.dir/rosidl_typesupport_fastrtps_c/inertiallabs_msgs/msg/detail/gnss_data__type_support_c.cpp.o[0m
gmake[3]: Leaving directory '/home/ycao/ins2_ws/build/inertiallabs_msgs'
[ 71%] Built target inertiallabs_msgs__rosidl_typesupport_c
[ 73%] [32m[1mLinking C shared library libinertiallabs_msgs__rosidl_typesupport_introspection_c.so[0m
[ 74%] [32m[1mLinking CXX shared library libinertiallabs_msgs__rosidl_typesupport_cpp.so[0m
gmake[3]: Leaving directory '/home/ycao/ins2_ws/build/inertiallabs_msgs'
[ 74%] Built target inertiallabs_msgs__rosidl_typesupport_introspection_c
gmake[3]: Leaving directory '/home/ycao/ins2_ws/build/inertiallabs_msgs'
[ 74%] Built target inertiallabs_msgs__rosidl_typesupport_cpp
[ 76%] [32m[1mLinking CXX shared library libinertiallabs_msgs__rosidl_typesupport_introspection_cpp.so[0m
[ 77%] [32m[1mLinking CXX shared library libinertiallabs_msgs__rosidl_typesupport_fastrtps_cpp.so[0m
[ 79%] [32m[1mLinking CXX shared library libinertiallabs_msgs__rosidl_typesupport_fastrtps_c.so[0m
gmake[3]: Leaving directory '/home/ycao/ins2_ws/build/inertiallabs_msgs'
[ 79%] Built target inertiallabs_msgs__rosidl_typesupport_introspection_cpp
gmake[3]: Leaving directory '/home/ycao/ins2_ws/build/inertiallabs_msgs'
[ 79%] Built target inertiallabs_msgs__rosidl_typesupport_fastrtps_cpp
gmake[3]: Leaving directory '/home/ycao/ins2_ws/build/inertiallabs_msgs'
[ 79%] Built target inertiallabs_msgs__rosidl_typesupport_fastrtps_c
gmake[3]: Entering directory '/home/ycao/ins2_ws/build/inertiallabs_msgs'
gmake[3]: Leaving directory '/home/ycao/ins2_ws/build/inertiallabs_msgs'
[ 79%] Built target inertiallabs_msgs
gmake[3]: Entering directory '/home/ycao/ins2_ws/build/inertiallabs_msgs'
gmake[3]: Leaving directory '/home/ycao/ins2_ws/build/inertiallabs_msgs'
gmake[3]: Entering directory '/home/ycao/ins2_ws/build/inertiallabs_msgs'
[ 80%] [34m[1mGenerating Python code for ROS interfaces[0m
gmake[3]: Leaving directory '/home/ycao/ins2_ws/build/inertiallabs_msgs'
[ 80%] Built target inertiallabs_msgs__py
gmake[3]: Entering directory '/home/ycao/ins2_ws/build/inertiallabs_msgs'
gmake[3]: Leaving directory '/home/ycao/ins2_ws/build/inertiallabs_msgs'
gmake[3]: Entering directory '/home/ycao/ins2_ws/build/inertiallabs_msgs'
[ 82%] [32mBuilding C object CMakeFiles/inertiallabs_msgs__rosidl_generator_py.dir/rosidl_generator_py/inertiallabs_msgs/msg/_ins_data_s.c.o[0m
[ 84%] [32mBuilding C object CMakeFiles/inertiallabs_msgs__rosidl_generator_py.dir/rosidl_generator_py/inertiallabs_msgs/msg/_sensor_data_s.c.o[0m
[ 85%] [32mBuilding C object CMakeFiles/inertiallabs_msgs__rosidl_generator_py.dir/rosidl_generator_py/inertiallabs_msgs/msg/_gnss_data_s.c.o[0m
[ 87%] [32mBuilding C object CMakeFiles/inertiallabs_msgs__rosidl_generator_py.dir/rosidl_generator_py/inertiallabs_msgs/msg/_gps_data_s.c.o[0m
[ 88%] [32mBuilding C object CMakeFiles/inertiallabs_msgs__rosidl_generator_py.dir/rosidl_generator_py/inertiallabs_msgs/msg/_marine_data_s.c.o[0m
[ 90%] [32m[1mLinking C shared library rosidl_generator_py/inertiallabs_msgs/libinertiallabs_msgs__rosidl_generator_py.so[0m
gmake[3]: Leaving directory '/home/ycao/ins2_ws/build/inertiallabs_msgs'
[ 90%] Built target inertiallabs_msgs__rosidl_generator_py
gmake[3]: Entering directory '/home/ycao/ins2_ws/build/inertiallabs_msgs'
gmake[3]: Entering directory '/home/ycao/ins2_ws/build/inertiallabs_msgs'
gmake[3]: Entering directory '/home/ycao/ins2_ws/build/inertiallabs_msgs'
gmake[3]: Leaving directory '/home/ycao/ins2_ws/build/inertiallabs_msgs'
gmake[3]: Leaving directory '/home/ycao/ins2_ws/build/inertiallabs_msgs'
gmake[3]: Leaving directory '/home/ycao/ins2_ws/build/inertiallabs_msgs'
gmake[3]: Entering directory '/home/ycao/ins2_ws/build/inertiallabs_msgs'
gmake[3]: Entering directory '/home/ycao/ins2_ws/build/inertiallabs_msgs'
gmake[3]: Entering directory '/home/ycao/ins2_ws/build/inertiallabs_msgs'
[ 93%] [32mBuilding C object CMakeFiles/inertiallabs_msgs__rosidl_typesupport_introspection_c__pyext.dir/rosidl_generator_py/inertiallabs_msgs/_inertiallabs_msgs_s.ep.rosidl_typesupport_introspection_c.c.o[0m
[ 93%] [32mBuilding C object CMakeFiles/inertiallabs_msgs__rosidl_typesupport_fastrtps_c__pyext.dir/rosidl_generator_py/inertiallabs_msgs/_inertiallabs_msgs_s.ep.rosidl_typesupport_fastrtps_c.c.o[0m
[ 95%] [32mBuilding C object CMakeFiles/inertiallabs_msgs__rosidl_typesupport_c__pyext.dir/rosidl_generator_py/inertiallabs_msgs/_inertiallabs_msgs_s.ep.rosidl_typesupport_c.c.o[0m
[ 98%] [32m[1mLinking C shared library rosidl_generator_py/inertiallabs_msgs/inertiallabs_msgs_s__rosidl_typesupport_fastrtps_c.cpython-310-x86_64-linux-gnu.so[0m
[ 98%] [32m[1mLinking C shared library rosidl_generator_py/inertiallabs_msgs/inertiallabs_msgs_s__rosidl_typesupport_introspection_c.cpython-310-x86_64-linux-gnu.so[0m
[100%] [32m[1mLinking C shared library rosidl_generator_py/inertiallabs_msgs/inertiallabs_msgs_s__rosidl_typesupport_c.cpython-310-x86_64-linux-gnu.so[0m
gmake[3]: Leaving directory '/home/ycao/ins2_ws/build/inertiallabs_msgs'
gmake[3]: Leaving directory '/home/ycao/ins2_ws/build/inertiallabs_msgs'
gmake[3]: Leaving directory '/home/ycao/ins2_ws/build/inertiallabs_msgs'
[100%] Built target inertiallabs_msgs__rosidl_typesupport_fastrtps_c__pyext
[100%] Built target inertiallabs_msgs__rosidl_typesupport_c__pyext
[100%] Built target inertiallabs_msgs__rosidl_typesupport_introspection_c__pyext
gmake[2]: Leaving directory '/home/ycao/ins2_ws/build/inertiallabs_msgs'
gmake[1]: Leaving directory '/home/ycao/ins2_ws/build/inertiallabs_msgs'
-- Install configuration: ""
-- Installing: /home/ycao/ins2_ws/install/inertiallabs_msgs/share/ament_index/resource_index/rosidl_interfaces/inertiallabs_msgs
-- Installing: /home/ycao/ins2_ws/install/inertiallabs_msgs/include/inertiallabs_msgs/inertiallabs_msgs
-- Installing: /home/ycao/ins2_ws/install/inertiallabs_msgs/include/inertiallabs_msgs/inertiallabs_msgs/msg
-- Installing: /home/ycao/ins2_ws/install/inertiallabs_msgs/include/inertiallabs_msgs/inertiallabs_msgs/msg/ins_data.h
-- Installing: /home/ycao/ins2_ws/install/inertiallabs_msgs/include/inertiallabs_msgs/inertiallabs_msgs/msg/marine_data.h
-- Installing: /home/ycao/ins2_ws/install/inertiallabs_msgs/include/inertiallabs_msgs/inertiallabs_msgs/msg/detail
-- Installing: /home/ycao/ins2_ws/install/inertiallabs_msgs/include/inertiallabs_msgs/inertiallabs_msgs/msg/detail/ins_data__functions.h
-- Installing: /home/ycao/ins2_ws/install/inertiallabs_msgs/include/inertiallabs_msgs/inertiallabs_msgs/msg/detail/ins_data__functions.c
-- Installing: /home/ycao/ins2_ws/install/inertiallabs_msgs/include/inertiallabs_msgs/inertiallabs_msgs/msg/detail/gps_data__struct.h
-- Installing: /home/ycao/ins2_ws/install/inertiallabs_msgs/include/inertiallabs_msgs/inertiallabs_msgs/msg/detail/sensor_data__functions.h
-- Installing: /home/ycao/ins2_ws/install/inertiallabs_msgs/include/inertiallabs_msgs/inertiallabs_msgs/msg/detail/gnss_data__functions.c
-- Installing: /home/ycao/ins2_ws/install/inertiallabs_msgs/include/inertiallabs_msgs/inertiallabs_msgs/msg/detail/ins_data__struct.h
-- Installing: /home/ycao/ins2_ws/install/inertiallabs_msgs/include/inertiallabs_msgs/inertiallabs_msgs/msg/detail/ins_data__type_support.h
-- Installing: /home/ycao/ins2_ws/install/inertiallabs_msgs/include/inertiallabs_msgs/inertiallabs_msgs/msg/detail/sensor_data__struct.h
-- Installing: /home/ycao/ins2_ws/install/inertiallabs_msgs/include/inertiallabs_msgs/inertiallabs_msgs/msg/detail/gps_data__type_support.h
-- Installing: /home/ycao/ins2_ws/install/inertiallabs_msgs/include/inertiallabs_msgs/inertiallabs_msgs/msg/detail/gps_data__functions.c
-- Installing: /home/ycao/ins2_ws/install/inertiallabs_msgs/include/inertiallabs_msgs/inertiallabs_msgs/msg/detail/marine_data__functions.c
-- Installing: /home/ycao/ins2_ws/install/inertiallabs_msgs/include/inertiallabs_msgs/inertiallabs_msgs/msg/detail/gnss_data__type_support.h
-- Installing: /home/ycao/ins2_ws/install/inertiallabs_msgs/include/inertiallabs_msgs/inertiallabs_msgs/msg/detail/marine_data__type_support.h
-- Installing: /home/ycao/ins2_ws/install/inertiallabs_msgs/include/inertiallabs_msgs/inertiallabs_msgs/msg/detail/gnss_data__struct.h
-- Installing: /home/ycao/ins2_ws/install/inertiallabs_msgs/include/inertiallabs_msgs/inertiallabs_msgs/msg/detail/marine_data__struct.h
-- Installing: /home/ycao/ins2_ws/install/inertiallabs_msgs/include/inertiallabs_msgs/inertiallabs_msgs/msg/detail/gps_data__functions.h
-- Installing: /home/ycao/ins2_ws/install/inertiallabs_msgs/include/inertiallabs_msgs/inertiallabs_msgs/msg/detail/marine_data__functions.h
-- Installing: /home/ycao/ins2_ws/install/inertiallabs_msgs/include/inertiallabs_msgs/inertiallabs_msgs/msg/detail/gnss_data__functions.h
-- Installing: /home/ycao/ins2_ws/install/inertiallabs_msgs/include/inertiallabs_msgs/inertiallabs_msgs/msg/detail/sensor_data__functions.c
-- Installing: /home/ycao/ins2_ws/install/inertiallabs_msgs/include/inertiallabs_msgs/inertiallabs_msgs/msg/detail/sensor_data__type_support.h
-- Installing: /home/ycao/ins2_ws/install/inertiallabs_msgs/include/inertiallabs_msgs/inertiallabs_msgs/msg/gnss_data.h
-- Installing: /home/ycao/ins2_ws/install/inertiallabs_msgs/include/inertiallabs_msgs/inertiallabs_msgs/msg/gps_data.h
-- Installing: /home/ycao/ins2_ws/install/inertiallabs_msgs/include/inertiallabs_msgs/inertiallabs_msgs/msg/rosidl_generator_c__visibility_control.h
-- Installing: /home/ycao/ins2_ws/install/inertiallabs_msgs/include/inertiallabs_msgs/inertiallabs_msgs/msg/sensor_data.h
-- Installing: /home/ycao/ins2_ws/install/inertiallabs_msgs/share/inertiallabs_msgs/environment/library_path.sh
-- Installing: /home/ycao/ins2_ws/install/inertiallabs_msgs/share/inertiallabs_msgs/environment/library_path.dsv
-- Installing: /home/ycao/ins2_ws/install/inertiallabs_msgs/lib/libinertiallabs_msgs__rosidl_generator_c.so
-- Set runtime path of "/home/ycao/ins2_ws/install/inertiallabs_msgs/lib/libinertiallabs_msgs__rosidl_generator_c.so" to ""
-- Up-to-date: /home/ycao/ins2_ws/install/inertiallabs_msgs/include/inertiallabs_msgs/inertiallabs_msgs
-- Up-to-date: /home/ycao/ins2_ws/install/inertiallabs_msgs/include/inertiallabs_msgs/inertiallabs_msgs/msg
-- Installing: /home/ycao/ins2_ws/install/inertiallabs_msgs/include/inertiallabs_msgs/inertiallabs_msgs/msg/rosidl_typesupport_fastrtps_c__visibility_control.h
-- Up-to-date: /home/ycao/ins2_ws/install/inertiallabs_msgs/include/inertiallabs_msgs/inertiallabs_msgs/msg/detail
-- Installing: /home/ycao/ins2_ws/install/inertiallabs_msgs/include/inertiallabs_msgs/inertiallabs_msgs/msg/detail/gps_data__rosidl_typesupport_fastrtps_c.h
-- Installing: /home/ycao/ins2_ws/install/inertiallabs_msgs/include/inertiallabs_msgs/inertiallabs_msgs/msg/detail/ins_data__rosidl_typesupport_fastrtps_c.h
-- Installing: /home/ycao/ins2_ws/install/inertiallabs_msgs/include/inertiallabs_msgs/inertiallabs_msgs/msg/detail/sensor_data__rosidl_typesupport_fastrtps_c.h
-- Installing: /home/ycao/ins2_ws/install/inertiallabs_msgs/include/inertiallabs_msgs/inertiallabs_msgs/msg/detail/gnss_data__rosidl_typesupport_fastrtps_c.h
-- Installing: /home/ycao/ins2_ws/install/inertiallabs_msgs/include/inertiallabs_msgs/inertiallabs_msgs/msg/detail/marine_data__rosidl_typesupport_fastrtps_c.h
-- Installing: /home/ycao/ins2_ws/install/inertiallabs_msgs/lib/libinertiallabs_msgs__rosidl_typesupport_fastrtps_c.so
-- Set runtime path of "/home/ycao/ins2_ws/install/inertiallabs_msgs/lib/libinertiallabs_msgs__rosidl_typesupport_fastrtps_c.so" to ""
-- Up-to-date: /home/ycao/ins2_ws/install/inertiallabs_msgs/include/inertiallabs_msgs/inertiallabs_msgs
-- Up-to-date: /home/ycao/ins2_ws/install/inertiallabs_msgs/include/inertiallabs_msgs/inertiallabs_msgs/msg
-- Installing: /home/ycao/ins2_ws/install/inertiallabs_msgs/include/inertiallabs_msgs/inertiallabs_msgs/msg/gps_data.hpp
-- Installing: /home/ycao/ins2_ws/install/inertiallabs_msgs/include/inertiallabs_msgs/inertiallabs_msgs/msg/ins_data.hpp
-- Installing: /home/ycao/ins2_ws/install/inertiallabs_msgs/include/inertiallabs_msgs/inertiallabs_msgs/msg/sensor_data.hpp
-- Up-to-date: /home/ycao/ins2_ws/install/inertiallabs_msgs/include/inertiallabs_msgs/inertiallabs_msgs/msg/detail
-- Installing: /home/ycao/ins2_ws/install/inertiallabs_msgs/include/inertiallabs_msgs/inertiallabs_msgs/msg/detail/marine_data__traits.hpp
-- Installing: /home/ycao/ins2_ws/install/inertiallabs_msgs/include/inertiallabs_msgs/inertiallabs_msgs/msg/detail/gps_data__builder.hpp
-- Installing: /home/ycao/ins2_ws/install/inertiallabs_msgs/include/inertiallabs_msgs/inertiallabs_msgs/msg/detail/gnss_data__struct.hpp
-- Installing: /home/ycao/ins2_ws/install/inertiallabs_msgs/include/inertiallabs_msgs/inertiallabs_msgs/msg/detail/sensor_data__traits.hpp
-- Installing: /home/ycao/ins2_ws/install/inertiallabs_msgs/include/inertiallabs_msgs/inertiallabs_msgs/msg/detail/sensor_data__builder.hpp
-- Installing: /home/ycao/ins2_ws/install/inertiallabs_msgs/include/inertiallabs_msgs/inertiallabs_msgs/msg/detail/sensor_data__struct.hpp
-- Installing: /home/ycao/ins2_ws/install/inertiallabs_msgs/include/inertiallabs_msgs/inertiallabs_msgs/msg/detail/gps_data__struct.hpp
-- Installing: /home/ycao/ins2_ws/install/inertiallabs_msgs/include/inertiallabs_msgs/inertiallabs_msgs/msg/detail/marine_data__builder.hpp
-- Installing: /home/ycao/ins2_ws/install/inertiallabs_msgs/include/inertiallabs_msgs/inertiallabs_msgs/msg/detail/ins_data__builder.hpp
-- Installing: /home/ycao/ins2_ws/install/inertiallabs_msgs/include/inertiallabs_msgs/inertiallabs_msgs/msg/detail/gps_data__traits.hpp
-- Installing: /home/ycao/ins2_ws/install/inertiallabs_msgs/include/inertiallabs_msgs/inertiallabs_msgs/msg/detail/marine_data__struct.hpp
-- Installing: /home/ycao/ins2_ws/install/inertiallabs_msgs/include/inertiallabs_msgs/inertiallabs_msgs/msg/detail/gnss_data__builder.hpp
-- Installing: /home/ycao/ins2_ws/install/inertiallabs_msgs/include/inertiallabs_msgs/inertiallabs_msgs/msg/detail/gnss_data__traits.hpp
-- Installing: /home/ycao/ins2_ws/install/inertiallabs_msgs/include/inertiallabs_msgs/inertiallabs_msgs/msg/detail/ins_data__traits.hpp
-- Installing: /home/ycao/ins2_ws/install/inertiallabs_msgs/include/inertiallabs_msgs/inertiallabs_msgs/msg/detail/ins_data__struct.hpp
-- Installing: /home/ycao/ins2_ws/install/inertiallabs_msgs/include/inertiallabs_msgs/inertiallabs_msgs/msg/marine_data.hpp
-- Installing: /home/ycao/ins2_ws/install/inertiallabs_msgs/include/inertiallabs_msgs/inertiallabs_msgs/msg/gnss_data.hpp
-- Up-to-date: /home/ycao/ins2_ws/install/inertiallabs_msgs/include/inertiallabs_msgs/inertiallabs_msgs
-- Up-to-date: /home/ycao/ins2_ws/install/inertiallabs_msgs/include/inertiallabs_msgs/inertiallabs_msgs/msg
-- Up-to-date: /home/ycao/ins2_ws/install/inertiallabs_msgs/include/inertiallabs_msgs/inertiallabs_msgs/msg/detail
-- Installing: /home/ycao/ins2_ws/install/inertiallabs_msgs/include/inertiallabs_msgs/inertiallabs_msgs/msg/detail/ins_data__rosidl_typesupport_fastrtps_cpp.hpp
-- Installing: /home/ycao/ins2_ws/install/inertiallabs_msgs/include/inertiallabs_msgs/inertiallabs_msgs/msg/detail/gps_data__rosidl_typesupport_fastrtps_cpp.hpp
-- Installing: /home/ycao/ins2_ws/install/inertiallabs_msgs/include/inertiallabs_msgs/inertiallabs_msgs/msg/detail/gnss_data__rosidl_typesupport_fastrtps_cpp.hpp
-- Installing: /home/ycao/ins2_ws/install/inertiallabs_msgs/include/inertiallabs_msgs/inertiallabs_msgs/msg/detail/sensor_data__rosidl_typesupport_fastrtps_cpp.hpp
-- Installing: /home/ycao/ins2_ws/install/inertiallabs_msgs/include/inertiallabs_msgs/inertiallabs_msgs/msg/detail/dds_fastrtps
-- Installing: /home/ycao/ins2_ws/install/inertiallabs_msgs/include/inertiallabs_msgs/inertiallabs_msgs/msg/detail/marine_data__rosidl_typesupport_fastrtps_cpp.hpp
-- Installing: /home/ycao/ins2_ws/install/inertiallabs_msgs/include/inertiallabs_msgs/inertiallabs_msgs/msg/rosidl_typesupport_fastrtps_cpp__visibility_control.h
-- Installing: /home/ycao/ins2_ws/install/inertiallabs_msgs/lib/libinertiallabs_msgs__rosidl_typesupport_fastrtps_cpp.so
-- Set runtime path of "/home/ycao/ins2_ws/install/inertiallabs_msgs/lib/libinertiallabs_msgs__rosidl_typesupport_fastrtps_cpp.so" to ""
-- Up-to-date: /home/ycao/ins2_ws/install/inertiallabs_msgs/include/inertiallabs_msgs/inertiallabs_msgs
-- Up-to-date: /home/ycao/ins2_ws/install/inertiallabs_msgs/include/inertiallabs_msgs/inertiallabs_msgs/msg
-- Installing: /home/ycao/ins2_ws/install/inertiallabs_msgs/include/inertiallabs_msgs/inertiallabs_msgs/msg/rosidl_typesupport_introspection_c__visibility_control.h
-- Up-to-date: /home/ycao/ins2_ws/install/inertiallabs_msgs/include/inertiallabs_msgs/inertiallabs_msgs/msg/detail
-- Installing: /home/ycao/ins2_ws/install/inertiallabs_msgs/include/inertiallabs_msgs/inertiallabs_msgs/msg/detail/gnss_data__type_support.c
-- Installing: /home/ycao/ins2_ws/install/inertiallabs_msgs/include/inertiallabs_msgs/inertiallabs_msgs/msg/detail/sensor_data__rosidl_typesupport_introspection_c.h
-- Installing: /home/ycao/ins2_ws/install/inertiallabs_msgs/include/inertiallabs_msgs/inertiallabs_msgs/msg/detail/gnss_data__rosidl_typesupport_introspection_c.h
-- Installing: /home/ycao/ins2_ws/install/inertiallabs_msgs/include/inertiallabs_msgs/inertiallabs_msgs/msg/detail/sensor_data__type_support.c
-- Installing: /home/ycao/ins2_ws/install/inertiallabs_msgs/include/inertiallabs_msgs/inertiallabs_msgs/msg/detail/marine_data__rosidl_typesupport_introspection_c.h
-- Installing: /home/ycao/ins2_ws/install/inertiallabs_msgs/include/inertiallabs_msgs/inertiallabs_msgs/msg/detail/ins_data__rosidl_typesupport_introspection_c.h
-- Installing: /home/ycao/ins2_ws/install/inertiallabs_msgs/include/inertiallabs_msgs/inertiallabs_msgs/msg/detail/gps_data__type_support.c
-- Installing: /home/ycao/ins2_ws/install/inertiallabs_msgs/include/inertiallabs_msgs/inertiallabs_msgs/msg/detail/marine_data__type_support.c
-- Installing: /home/ycao/ins2_ws/install/inertiallabs_msgs/include/inertiallabs_msgs/inertiallabs_msgs/msg/detail/gps_data__rosidl_typesupport_introspection_c.h
-- Installing: /home/ycao/ins2_ws/install/inertiallabs_msgs/include/inertiallabs_msgs/inertiallabs_msgs/msg/detail/ins_data__type_support.c
-- Installing: /home/ycao/ins2_ws/install/inertiallabs_msgs/lib/libinertiallabs_msgs__rosidl_typesupport_introspection_c.so
-- Set runtime path of "/home/ycao/ins2_ws/install/inertiallabs_msgs/lib/libinertiallabs_msgs__rosidl_typesupport_introspection_c.so" to ""
-- Installing: /home/ycao/ins2_ws/install/inertiallabs_msgs/lib/libinertiallabs_msgs__rosidl_typesupport_c.so
-- Set runtime path of "/home/ycao/ins2_ws/install/inertiallabs_msgs/lib/libinertiallabs_msgs__rosidl_typesupport_c.so" to ""
-- Up-to-date: /home/ycao/ins2_ws/install/inertiallabs_msgs/include/inertiallabs_msgs/inertiallabs_msgs
-- Up-to-date: /home/ycao/ins2_ws/install/inertiallabs_msgs/include/inertiallabs_msgs/inertiallabs_msgs/msg
-- Up-to-date: /home/ycao/ins2_ws/install/inertiallabs_msgs/include/inertiallabs_msgs/inertiallabs_msgs/msg/detail
-- Installing: /home/ycao/ins2_ws/install/inertiallabs_msgs/include/inertiallabs_msgs/inertiallabs_msgs/msg/detail/marine_data__type_support.cpp
-- Installing: /home/ycao/ins2_ws/install/inertiallabs_msgs/include/inertiallabs_msgs/inertiallabs_msgs/msg/detail/gps_data__rosidl_typesupport_introspection_cpp.hpp
-- Installing: /home/ycao/ins2_ws/install/inertiallabs_msgs/include/inertiallabs_msgs/inertiallabs_msgs/msg/detail/ins_data__type_support.cpp
-- Installing: /home/ycao/ins2_ws/install/inertiallabs_msgs/include/inertiallabs_msgs/inertiallabs_msgs/msg/detail/sensor_data__type_support.cpp
-- Installing: /home/ycao/ins2_ws/install/inertiallabs_msgs/include/inertiallabs_msgs/inertiallabs_msgs/msg/detail/gps_data__type_support.cpp
-- Installing: /home/ycao/ins2_ws/install/inertiallabs_msgs/include/inertiallabs_msgs/inertiallabs_msgs/msg/detail/gnss_data__type_support.cpp
-- Installing: /home/ycao/ins2_ws/install/inertiallabs_msgs/include/inertiallabs_msgs/inertiallabs_msgs/msg/detail/marine_data__rosidl_typesupport_introspection_cpp.hpp
-- Installing: /home/ycao/ins2_ws/install/inertiallabs_msgs/include/inertiallabs_msgs/inertiallabs_msgs/msg/detail/ins_data__rosidl_typesupport_introspection_cpp.hpp
-- Installing: /home/ycao/ins2_ws/install/inertiallabs_msgs/include/inertiallabs_msgs/inertiallabs_msgs/msg/detail/gnss_data__rosidl_typesupport_introspection_cpp.hpp
-- Installing: /home/ycao/ins2_ws/install/inertiallabs_msgs/include/inertiallabs_msgs/inertiallabs_msgs/msg/detail/sensor_data__rosidl_typesupport_introspection_cpp.hpp
-- Installing: /home/ycao/ins2_ws/install/inertiallabs_msgs/lib/libinertiallabs_msgs__rosidl_typesupport_introspection_cpp.so
-- Set runtime path of "/home/ycao/ins2_ws/install/inertiallabs_msgs/lib/libinertiallabs_msgs__rosidl_typesupport_introspection_cpp.so" to ""
-- Installing: /home/ycao/ins2_ws/install/inertiallabs_msgs/lib/libinertiallabs_msgs__rosidl_typesupport_cpp.so
-- Set runtime path of "/home/ycao/ins2_ws/install/inertiallabs_msgs/lib/libinertiallabs_msgs__rosidl_typesupport_cpp.so" to ""
-- Installing: /home/ycao/ins2_ws/install/inertiallabs_msgs/share/inertiallabs_msgs/environment/pythonpath.sh
-- Installing: /home/ycao/ins2_ws/install/inertiallabs_msgs/share/inertiallabs_msgs/environment/pythonpath.dsv
-- Installing: /home/ycao/ins2_ws/install/inertiallabs_msgs/local/lib/python3.10/dist-packages/inertiallabs_msgs-0.0.0-py3.10.egg-info
-- Installing: /home/ycao/ins2_ws/install/inertiallabs_msgs/local/lib/python3.10/dist-packages/inertiallabs_msgs-0.0.0-py3.10.egg-info/dependency_links.txt
-- Installing: /home/ycao/ins2_ws/install/inertiallabs_msgs/local/lib/python3.10/dist-packages/inertiallabs_msgs-0.0.0-py3.10.egg-info/top_level.txt
-- Installing: /home/ycao/ins2_ws/install/inertiallabs_msgs/local/lib/python3.10/dist-packages/inertiallabs_msgs-0.0.0-py3.10.egg-info/SOURCES.txt
-- Installing: /home/ycao/ins2_ws/install/inertiallabs_msgs/local/lib/python3.10/dist-packages/inertiallabs_msgs-0.0.0-py3.10.egg-info/PKG-INFO
-- Installing: /home/ycao/ins2_ws/install/inertiallabs_msgs/local/lib/python3.10/dist-packages/inertiallabs_msgs
-- Installing: /home/ycao/ins2_ws/install/inertiallabs_msgs/local/lib/python3.10/dist-packages/inertiallabs_msgs/msg
-- Installing: /home/ycao/ins2_ws/install/inertiallabs_msgs/local/lib/python3.10/dist-packages/inertiallabs_msgs/msg/_marine_data_s.c
-- Installing: /home/ycao/ins2_ws/install/inertiallabs_msgs/local/lib/python3.10/dist-packages/inertiallabs_msgs/msg/_gnss_data_s.c
-- Installing: /home/ycao/ins2_ws/install/inertiallabs_msgs/local/lib/python3.10/dist-packages/inertiallabs_msgs/msg/_gnss_data.py
-- Installing: /home/ycao/ins2_ws/install/inertiallabs_msgs/local/lib/python3.10/dist-packages/inertiallabs_msgs/msg/_ins_data.py
-- Installing: /home/ycao/ins2_ws/install/inertiallabs_msgs/local/lib/python3.10/dist-packages/inertiallabs_msgs/msg/_sensor_data_s.c
-- Installing: /home/ycao/ins2_ws/install/inertiallabs_msgs/local/lib/python3.10/dist-packages/inertiallabs_msgs/msg/_gps_data.py
-- Installing: /home/ycao/ins2_ws/install/inertiallabs_msgs/local/lib/python3.10/dist-packages/inertiallabs_msgs/msg/_gps_data_s.c
-- Installing: /home/ycao/ins2_ws/install/inertiallabs_msgs/local/lib/python3.10/dist-packages/inertiallabs_msgs/msg/_ins_data_s.c
-- Installing: /home/ycao/ins2_ws/install/inertiallabs_msgs/local/lib/python3.10/dist-packages/inertiallabs_msgs/msg/__init__.py
-- Installing: /home/ycao/ins2_ws/install/inertiallabs_msgs/local/lib/python3.10/dist-packages/inertiallabs_msgs/msg/_marine_data.py
-- Installing: /home/ycao/ins2_ws/install/inertiallabs_msgs/local/lib/python3.10/dist-packages/inertiallabs_msgs/msg/_sensor_data.py
-- Installing: /home/ycao/ins2_ws/install/inertiallabs_msgs/local/lib/python3.10/dist-packages/inertiallabs_msgs/libinertiallabs_msgs__rosidl_generator_py.so
-- Installing: /home/ycao/ins2_ws/install/inertiallabs_msgs/local/lib/python3.10/dist-packages/inertiallabs_msgs/_inertiallabs_msgs_s.ep.rosidl_typesupport_introspection_c.c
-- Installing: /home/ycao/ins2_ws/install/inertiallabs_msgs/local/lib/python3.10/dist-packages/inertiallabs_msgs/_inertiallabs_msgs_s.ep.rosidl_typesupport_fastrtps_c.c
-- Installing: /home/ycao/ins2_ws/install/inertiallabs_msgs/local/lib/python3.10/dist-packages/inertiallabs_msgs/inertiallabs_msgs_s__rosidl_typesupport_fastrtps_c.cpython-310-x86_64-linux-gnu.so
-- Installing: /home/ycao/ins2_ws/install/inertiallabs_msgs/local/lib/python3.10/dist-packages/inertiallabs_msgs/inertiallabs_msgs_s__rosidl_typesupport_c.cpython-310-x86_64-linux-gnu.so
-- Installing: /home/ycao/ins2_ws/install/inertiallabs_msgs/local/lib/python3.10/dist-packages/inertiallabs_msgs/inertiallabs_msgs_s__rosidl_typesupport_introspection_c.cpython-310-x86_64-linux-gnu.so
-- Installing: /home/ycao/ins2_ws/install/inertiallabs_msgs/local/lib/python3.10/dist-packages/inertiallabs_msgs/__init__.py
-- Installing: /home/ycao/ins2_ws/install/inertiallabs_msgs/local/lib/python3.10/dist-packages/inertiallabs_msgs/_inertiallabs_msgs_s.ep.rosidl_typesupport_c.c
Listing '/home/ycao/ins2_ws/install/inertiallabs_msgs/local/lib/python3.10/dist-packages/inertiallabs_msgs'...
Compiling '/home/ycao/ins2_ws/install/inertiallabs_msgs/local/lib/python3.10/dist-packages/inertiallabs_msgs/__init__.py'...
Listing '/home/ycao/ins2_ws/install/inertiallabs_msgs/local/lib/python3.10/dist-packages/inertiallabs_msgs/msg'...
Compiling '/home/ycao/ins2_ws/install/inertiallabs_msgs/local/lib/python3.10/dist-packages/inertiallabs_msgs/msg/__init__.py'...
Compiling '/home/ycao/ins2_ws/install/inertiallabs_msgs/local/lib/python3.10/dist-packages/inertiallabs_msgs/msg/_gnss_data.py'...
Compiling '/home/ycao/ins2_ws/install/inertiallabs_msgs/local/lib/python3.10/dist-packages/inertiallabs_msgs/msg/_gps_data.py'...
Compiling '/home/ycao/ins2_ws/install/inertiallabs_msgs/local/lib/python3.10/dist-packages/inertiallabs_msgs/msg/_ins_data.py'...
Compiling '/home/ycao/ins2_ws/install/inertiallabs_msgs/local/lib/python3.10/dist-packages/inertiallabs_msgs/msg/_marine_data.py'...
Compiling '/home/ycao/ins2_ws/install/inertiallabs_msgs/local/lib/python3.10/dist-packages/inertiallabs_msgs/msg/_sensor_data.py'...
-- Installing: /home/ycao/ins2_ws/install/inertiallabs_msgs/local/lib/python3.10/dist-packages/inertiallabs_msgs/inertiallabs_msgs_s__rosidl_typesupport_fastrtps_c.cpython-310-x86_64-linux-gnu.so
-- Set runtime path of "/home/ycao/ins2_ws/install/inertiallabs_msgs/local/lib/python3.10/dist-packages/inertiallabs_msgs/inertiallabs_msgs_s__rosidl_typesupport_fastrtps_c.cpython-310-x86_64-linux-gnu.so" to ""
-- Installing: /home/ycao/ins2_ws/install/inertiallabs_msgs/local/lib/python3.10/dist-packages/inertiallabs_msgs/inertiallabs_msgs_s__rosidl_typesupport_introspection_c.cpython-310-x86_64-linux-gnu.so
-- Set runtime path of "/home/ycao/ins2_ws/install/inertiallabs_msgs/local/lib/python3.10/dist-packages/inertiallabs_msgs/inertiallabs_msgs_s__rosidl_typesupport_introspection_c.cpython-310-x86_64-linux-gnu.so" to ""
-- Installing: /home/ycao/ins2_ws/install/inertiallabs_msgs/local/lib/python3.10/dist-packages/inertiallabs_msgs/inertiallabs_msgs_s__rosidl_typesupport_c.cpython-310-x86_64-linux-gnu.so
-- Set runtime path of "/home/ycao/ins2_ws/install/inertiallabs_msgs/local/lib/python3.10/dist-packages/inertiallabs_msgs/inertiallabs_msgs_s__rosidl_typesupport_c.cpython-310-x86_64-linux-gnu.so" to ""
-- Installing: /home/ycao/ins2_ws/install/inertiallabs_msgs/lib/libinertiallabs_msgs__rosidl_generator_py.so
-- Set runtime path of "/home/ycao/ins2_ws/install/inertiallabs_msgs/lib/libinertiallabs_msgs__rosidl_generator_py.so" to ""
-- Installing: /home/ycao/ins2_ws/install/inertiallabs_msgs/share/inertiallabs_msgs/msg/InsData.idl
-- Installing: /home/ycao/ins2_ws/install/inertiallabs_msgs/share/inertiallabs_msgs/msg/SensorData.idl
-- Installing: /home/ycao/ins2_ws/install/inertiallabs_msgs/share/inertiallabs_msgs/msg/GnssData.idl
-- Installing: /home/ycao/ins2_ws/install/inertiallabs_msgs/share/inertiallabs_msgs/msg/GpsData.idl
-- Installing: /home/ycao/ins2_ws/install/inertiallabs_msgs/share/inertiallabs_msgs/msg/MarineData.idl
-- Installing: /home/ycao/ins2_ws/install/inertiallabs_msgs/share/inertiallabs_msgs/msg/InsData.msg
-- Installing: /home/ycao/ins2_ws/install/inertiallabs_msgs/share/inertiallabs_msgs/msg/SensorData.msg
-- Installing: /home/ycao/ins2_ws/install/inertiallabs_msgs/share/inertiallabs_msgs/msg/GnssData.msg
-- Installing: /home/ycao/ins2_ws/install/inertiallabs_msgs/share/inertiallabs_msgs/msg/GpsData.msg
-- Installing: /home/ycao/ins2_ws/install/inertiallabs_msgs/share/inertiallabs_msgs/msg/MarineData.msg
-- Up-to-date: /home/ycao/ins2_ws/install/inertiallabs_msgs/include
-- Up-to-date: /home/ycao/ins2_ws/install/inertiallabs_msgs/include/inertiallabs_msgs
-- Installing: /home/ycao/ins2_ws/install/inertiallabs_msgs/share/ament_index/resource_index/package_run_dependencies/inertiallabs_msgs
-- Installing: /home/ycao/ins2_ws/install/inertiallabs_msgs/share/ament_index/resource_index/parent_prefix_path/inertiallabs_msgs
-- Installing: /home/ycao/ins2_ws/install/inertiallabs_msgs/share/inertiallabs_msgs/environment/ament_prefix_path.sh
-- Installing: /home/ycao/ins2_ws/install/inertiallabs_msgs/share/inertiallabs_msgs/environment/ament_prefix_path.dsv
-- Installing: /home/ycao/ins2_ws/install/inertiallabs_msgs/share/inertiallabs_msgs/environment/path.sh
-- Installing: /home/ycao/ins2_ws/install/inertiallabs_msgs/share/inertiallabs_msgs/environment/path.dsv
-- Installing: /home/ycao/ins2_ws/install/inertiallabs_msgs/share/inertiallabs_msgs/local_setup.bash
-- Installing: /home/ycao/ins2_ws/install/inertiallabs_msgs/share/inertiallabs_msgs/local_setup.sh
-- Installing: /home/ycao/ins2_ws/install/inertiallabs_msgs/share/inertiallabs_msgs/local_setup.zsh
-- Installing: /home/ycao/ins2_ws/install/inertiallabs_msgs/share/inertiallabs_msgs/local_setup.dsv
-- Installing: /home/ycao/ins2_ws/install/inertiallabs_msgs/share/inertiallabs_msgs/package.dsv
-- Installing: /home/ycao/ins2_ws/install/inertiallabs_msgs/share/ament_index/resource_index/packages/inertiallabs_msgs
-- Installing: /home/ycao/ins2_ws/install/inertiallabs_msgs/share/inertiallabs_msgs/cmake/export_inertiallabs_msgs__rosidl_generator_cExport.cmake
-- Installing: /home/ycao/ins2_ws/install/inertiallabs_msgs/share/inertiallabs_msgs/cmake/export_inertiallabs_msgs__rosidl_generator_cExport-noconfig.cmake
-- Installing: /home/ycao/ins2_ws/install/inertiallabs_msgs/share/inertiallabs_msgs/cmake/export_inertiallabs_msgs__rosidl_typesupport_fastrtps_cExport.cmake
-- Installing: /home/ycao/ins2_ws/install/inertiallabs_msgs/share/inertiallabs_msgs/cmake/export_inertiallabs_msgs__rosidl_typesupport_fastrtps_cExport-noconfig.cmake
-- Installing: /home/ycao/ins2_ws/install/inertiallabs_msgs/share/inertiallabs_msgs/cmake/export_inertiallabs_msgs__rosidl_generator_cppExport.cmake
-- Installing: /home/ycao/ins2_ws/install/inertiallabs_msgs/share/inertiallabs_msgs/cmake/export_inertiallabs_msgs__rosidl_typesupport_fastrtps_cppExport.cmake
-- Installing: /home/ycao/ins2_ws/install/inertiallabs_msgs/share/inertiallabs_msgs/cmake/export_inertiallabs_msgs__rosidl_typesupport_fastrtps_cppExport-noconfig.cmake
-- Installing: /home/ycao/ins2_ws/install/inertiallabs_msgs/share/inertiallabs_msgs/cmake/inertiallabs_msgs__rosidl_typesupport_introspection_cExport.cmake
-- Installing: /home/ycao/ins2_ws/install/inertiallabs_msgs/share/inertiallabs_msgs/cmake/inertiallabs_msgs__rosidl_typesupport_introspection_cExport-noconfig.cmake
-- Installing: /home/ycao/ins2_ws/install/inertiallabs_msgs/share/inertiallabs_msgs/cmake/inertiallabs_msgs__rosidl_typesupport_cExport.cmake
-- Installing: /home/ycao/ins2_ws/install/inertiallabs_msgs/share/inertiallabs_msgs/cmake/inertiallabs_msgs__rosidl_typesupport_cExport-noconfig.cmake
-- Installing: /home/ycao/ins2_ws/install/inertiallabs_msgs/share/inertiallabs_msgs/cmake/inertiallabs_msgs__rosidl_typesupport_introspection_cppExport.cmake
-- Installing: /home/ycao/ins2_ws/install/inertiallabs_msgs/share/inertiallabs_msgs/cmake/inertiallabs_msgs__rosidl_typesupport_introspection_cppExport-noconfig.cmake
-- Installing: /home/ycao/ins2_ws/install/inertiallabs_msgs/share/inertiallabs_msgs/cmake/inertiallabs_msgs__rosidl_typesupport_cppExport.cmake
-- Installing: /home/ycao/ins2_ws/install/inertiallabs_msgs/share/inertiallabs_msgs/cmake/inertiallabs_msgs__rosidl_typesupport_cppExport-noconfig.cmake
-- Installing: /home/ycao/ins2_ws/install/inertiallabs_msgs/share/inertiallabs_msgs/cmake/export_inertiallabs_msgs__rosidl_generator_pyExport.cmake
-- Installing: /home/ycao/ins2_ws/install/inertiallabs_msgs/share/inertiallabs_msgs/cmake/export_inertiallabs_msgs__rosidl_generator_pyExport-noconfig.cmake
-- Installing: /home/ycao/ins2_ws/install/inertiallabs_msgs/share/inertiallabs_msgs/cmake/rosidl_cmake-extras.cmake
-- Installing: /home/ycao/ins2_ws/install/inertiallabs_msgs/share/inertiallabs_msgs/cmake/ament_cmake_export_dependencies-extras.cmake
-- Installing: /home/ycao/ins2_ws/install/inertiallabs_msgs/share/inertiallabs_msgs/cmake/ament_cmake_export_include_directories-extras.cmake
-- Installing: /home/ycao/ins2_ws/install/inertiallabs_msgs/share/inertiallabs_msgs/cmake/ament_cmake_export_libraries-extras.cmake
-- Installing: /home/ycao/ins2_ws/install/inertiallabs_msgs/share/inertiallabs_msgs/cmake/ament_cmake_export_targets-extras.cmake
-- Installing: /home/ycao/ins2_ws/install/inertiallabs_msgs/share/inertiallabs_msgs/cmake/rosidl_cmake_export_typesupport_targets-extras.cmake
-- Installing: /home/ycao/ins2_ws/install/inertiallabs_msgs/share/inertiallabs_msgs/cmake/rosidl_cmake_export_typesupport_libraries-extras.cmake
-- Installing: /home/ycao/ins2_ws/install/inertiallabs_msgs/share/inertiallabs_msgs/cmake/inertiallabs_msgsConfig.cmake
-- Installing: /home/ycao/ins2_ws/install/inertiallabs_msgs/share/inertiallabs_msgs/cmake/inertiallabs_msgsConfig-version.cmake
-- Installing: /home/ycao/ins2_ws/install/inertiallabs_msgs/share/inertiallabs_msgs/package.xml
