[0.005s] Invoking command in '/home/ycao/ins2_ws/build/inertiallabs_msgs': CMAKE_PREFIX_PATH=/opt/ros/humble /usr/bin/cmake /home/ycao/ins2_ws/src/inertiallabs_msgs -DCMAKE_INSTALL_PREFIX=/home/ycao/ins2_ws/install/inertiallabs_msgs
[0.043s] -- The C compiler identification is GNU 11.4.0
[0.157s] -- The CXX compiler identification is GNU 11.4.0
[0.238s] -- Detecting C compiler ABI info
[0.284s] -- Detecting C compiler ABI info - done
[0.287s] -- Check for working C compiler: /usr/bin/cc - skipped
[0.288s] -- Detecting C compile features
[0.288s] -- Detecting C compile features - done
[0.289s] -- Detecting CXX compiler ABI info
[0.340s] -- Detecting CXX compiler ABI info - done
[0.344s] -- Check for working CXX compiler: /usr/bin/c++ - skipped
[0.344s] -- Detecting CXX compile features
[0.344s] -- Detecting CXX compile features - done
[0.345s] -- Found ament_cmake: 1.3.10 (/opt/ros/humble/share/ament_cmake/cmake)
[0.418s] -- Found Python3: /usr/bin/python3 (found version "3.10.12") found components: Interpreter 
[0.460s] -- Found rclcpp: 16.0.10 (/opt/ros/humble/share/rclcpp/cmake)
[0.519s] -- Found rosidl_generator_c: 3.1.5 (/opt/ros/humble/share/rosidl_generator_c/cmake)
[0.521s] -- Found rosidl_adapter: 3.1.5 (/opt/ros/humble/share/rosidl_adapter/cmake)
[0.525s] -- Found rosidl_generator_cpp: 3.1.5 (/opt/ros/humble/share/rosidl_generator_cpp/cmake)
[0.530s] -- Using all available rosidl_typesupport_c: rosidl_typesupport_fastrtps_c;rosidl_typesupport_introspection_c
[0.537s] -- Using all available rosidl_typesupport_cpp: rosidl_typesupport_fastrtps_cpp;rosidl_typesupport_introspection_cpp
[0.556s] -- Found rmw_implementation_cmake: 6.1.2 (/opt/ros/humble/share/rmw_implementation_cmake/cmake)
[0.557s] -- Found rmw_fastrtps_cpp: 6.2.7 (/opt/ros/humble/share/rmw_fastrtps_cpp/cmake)
[0.908s] -- Found OpenSSL: /usr/lib/x86_64-linux-gnu/libcrypto.so (found version "3.0.2")  
[1.318s] -- Found FastRTPS: /opt/ros/humble/include  
[2.079s] -- Using RMW implementation 'rmw_fastrtps_cpp' as default
[2.082s] -- Looking for pthread.h
[2.129s] -- Looking for pthread.h - found
[2.129s] -- Performing Test CMAKE_HAVE_LIBC_PTHREAD
[2.177s] -- Performing Test CMAKE_HAVE_LIBC_PTHREAD - Success
[2.177s] -- Found Threads: TRUE  
[2.201s] -- Found rosidl_default_generators: 1.2.0 (/opt/ros/humble/share/rosidl_default_generators/cmake)
[2.205s] -- Found geometry_msgs: 4.2.4 (/opt/ros/humble/share/geometry_msgs/cmake)
[2.212s] -- Found actionlib_msgs: 4.2.4 (/opt/ros/humble/share/actionlib_msgs/cmake)
[2.376s] -- Found ament_cmake_ros: 0.10.0 (/opt/ros/humble/share/ament_cmake_ros/cmake)
[2.583s] -- Using all available rosidl_typesupport_c: rosidl_typesupport_fastrtps_c;rosidl_typesupport_introspection_c
[2.668s] -- Using all available rosidl_typesupport_cpp: rosidl_typesupport_fastrtps_cpp;rosidl_typesupport_introspection_cpp
[2.724s] -- Found PythonInterp: /usr/bin/python3 (found suitable version "3.10.12", minimum required is "3.6") 
[2.724s] -- Found python_cmake_module: 0.10.0 (/opt/ros/humble/share/python_cmake_module/cmake)
[2.829s] -- Found PythonLibs: /usr/lib/x86_64-linux-gnu/libpython3.10.so (found suitable version "3.10.12", minimum required is "3.5") 
[2.829s] -- Using PYTHON_EXECUTABLE: /usr/bin/python3
[2.829s] -- Using PYTHON_INCLUDE_DIRS: /usr/include/python3.10
[2.829s] -- Using PYTHON_LIBRARIES: /usr/lib/x86_64-linux-gnu/libpython3.10.so
[2.840s] -- Found PythonExtra: .so  
[2.876s] -- Found ament_lint_auto: 0.12.11 (/opt/ros/humble/share/ament_lint_auto/cmake)
[2.883s] -- Added test 'lint_cmake' to check CMake code style
[2.884s] -- Added test 'xmllint' to check XML markup files
[2.884s] -- Configuring done
[2.905s] -- Generating done
[2.907s] -- Build files have been written to: /home/ycao/ins2_ws/build/inertiallabs_msgs
[2.914s] Invoked command in '/home/ycao/ins2_ws/build/inertiallabs_msgs' returned '0': CMAKE_PREFIX_PATH=/opt/ros/humble /usr/bin/cmake /home/ycao/ins2_ws/src/inertiallabs_msgs -DCMAKE_INSTALL_PREFIX=/home/ycao/ins2_ws/install/inertiallabs_msgs
[2.915s] Invoking command in '/home/ycao/ins2_ws/build/inertiallabs_msgs': CMAKE_PREFIX_PATH=/opt/ros/humble /usr/bin/cmake --build /home/ycao/ins2_ws/build/inertiallabs_msgs -- -j32 -l32
[2.919s] gmake[1]: Entering directory '/home/ycao/ins2_ws/build/inertiallabs_msgs'
[2.928s] gmake[2]: Entering directory '/home/ycao/ins2_ws/build/inertiallabs_msgs'
[2.928s] gmake[3]: Entering directory '/home/ycao/ins2_ws/build/inertiallabs_msgs'
[2.928s] gmake[3]: Entering directory '/home/ycao/ins2_ws/build/inertiallabs_msgs'
[2.928s] gmake[3]: Entering directory '/home/ycao/ins2_ws/build/inertiallabs_msgs'
[2.931s] [  1%] [34m[1mGenerating C code for ROS interfaces[0m
[2.931s] gmake[3]: Leaving directory '/home/ycao/ins2_ws/build/inertiallabs_msgs'
[2.932s] gmake[3]: Leaving directory '/home/ycao/ins2_ws/build/inertiallabs_msgs'
[2.932s] gmake[3]: Entering directory '/home/ycao/ins2_ws/build/inertiallabs_msgs'
[2.933s] gmake[3]: Entering directory '/home/ycao/ins2_ws/build/inertiallabs_msgs'
[2.935s] gmake[3]: Leaving directory '/home/ycao/ins2_ws/build/inertiallabs_msgs'
[2.936s] [  3%] [34m[1mGenerating C++ code for ROS interfaces[0m
[2.937s] [  3%] Built target ament_cmake_python_copy_inertiallabs_msgs
[2.938s] gmake[3]: Entering directory '/home/ycao/ins2_ws/build/inertiallabs_msgs'
[2.941s] gmake[3]: Leaving directory '/home/ycao/ins2_ws/build/inertiallabs_msgs'
[2.942s] gmake[3]: Entering directory '/home/ycao/ins2_ws/build/inertiallabs_msgs'
[3.047s] running egg_info
[3.047s] creating inertiallabs_msgs.egg-info
[3.047s] writing inertiallabs_msgs.egg-info/PKG-INFO
[3.047s] writing dependency_links to inertiallabs_msgs.egg-info/dependency_links.txt
[3.047s] writing top-level names to inertiallabs_msgs.egg-info/top_level.txt
[3.048s] writing manifest file 'inertiallabs_msgs.egg-info/SOURCES.txt'
[3.049s] reading manifest file 'inertiallabs_msgs.egg-info/SOURCES.txt'
[3.049s] writing manifest file 'inertiallabs_msgs.egg-info/SOURCES.txt'
[3.058s] gmake[3]: Leaving directory '/home/ycao/ins2_ws/build/inertiallabs_msgs'
[3.061s] [  3%] Built target ament_cmake_python_build_inertiallabs_msgs_egg
[3.227s] gmake[3]: Leaving directory '/home/ycao/ins2_ws/build/inertiallabs_msgs'
[3.230s] [  3%] Built target inertiallabs_msgs__cpp
[3.231s] gmake[3]: Entering directory '/home/ycao/ins2_ws/build/inertiallabs_msgs'
[3.231s] gmake[3]: Entering directory '/home/ycao/ins2_ws/build/inertiallabs_msgs'
[3.231s] gmake[3]: Entering directory '/home/ycao/ins2_ws/build/inertiallabs_msgs'
[3.233s] gmake[3]: Leaving directory '/home/ycao/ins2_ws/build/inertiallabs_msgs'
[3.233s] [  4%] [34m[1mGenerating C++ type support dispatch for ROS interfaces[0m
[3.233s] [  6%] [34m[1mGenerating C++ type support for eProsima Fast-RTPS[0m
[3.234s] [  7%] [34m[1mGenerating C++ introspection for ROS interfaces[0m
[3.234s] gmake[3]: Entering directory '/home/ycao/ins2_ws/build/inertiallabs_msgs'
[3.237s] [  9%] [32mBuilding C object CMakeFiles/inertiallabs_msgs__rosidl_generator_c.dir/rosidl_generator_c/inertiallabs_msgs/msg/detail/ins_data__functions.c.o[0m
[3.237s] [ 12%] [32mBuilding C object CMakeFiles/inertiallabs_msgs__rosidl_generator_c.dir/rosidl_generator_c/inertiallabs_msgs/msg/detail/marine_data__functions.c.o[0m
[3.237s] [ 11%] [32mBuilding C object CMakeFiles/inertiallabs_msgs__rosidl_generator_c.dir/rosidl_generator_c/inertiallabs_msgs/msg/detail/gps_data__functions.c.o[0m
[3.237s] [ 14%] [32mBuilding C object CMakeFiles/inertiallabs_msgs__rosidl_generator_c.dir/rosidl_generator_c/inertiallabs_msgs/msg/detail/sensor_data__functions.c.o[0m
[3.238s] [ 15%] [32mBuilding C object CMakeFiles/inertiallabs_msgs__rosidl_generator_c.dir/rosidl_generator_c/inertiallabs_msgs/msg/detail/gnss_data__functions.c.o[0m
[3.262s] [ 17%] [32m[1mLinking C shared library libinertiallabs_msgs__rosidl_generator_c.so[0m
[3.295s] gmake[3]: Leaving directory '/home/ycao/ins2_ws/build/inertiallabs_msgs'
[3.298s] [ 17%] Built target inertiallabs_msgs__rosidl_generator_c
[3.299s] gmake[3]: Entering directory '/home/ycao/ins2_ws/build/inertiallabs_msgs'
[3.299s] gmake[3]: Entering directory '/home/ycao/ins2_ws/build/inertiallabs_msgs'
[3.299s] gmake[3]: Entering directory '/home/ycao/ins2_ws/build/inertiallabs_msgs'
[3.302s] [ 20%] [34m[1mGenerating C introspection for ROS interfaces[0m
[3.302s] [ 20%] [34m[1mGenerating C type support for eProsima Fast-RTPS[0m
[3.302s] [ 22%] [34m[1mGenerating C type support dispatch for ROS interfaces[0m
[3.443s] gmake[3]: Leaving directory '/home/ycao/ins2_ws/build/inertiallabs_msgs'
[3.444s] gmake[3]: Entering directory '/home/ycao/ins2_ws/build/inertiallabs_msgs'
[3.447s] [ 23%] [32mBuilding CXX object CMakeFiles/inertiallabs_msgs__rosidl_typesupport_cpp.dir/rosidl_typesupport_cpp/inertiallabs_msgs/msg/ins_data__type_support.cpp.o[0m
[3.447s] [ 25%] [32mBuilding CXX object CMakeFiles/inertiallabs_msgs__rosidl_typesupport_cpp.dir/rosidl_typesupport_cpp/inertiallabs_msgs/msg/gnss_data__type_support.cpp.o[0m
[3.448s] [ 26%] [32mBuilding CXX object CMakeFiles/inertiallabs_msgs__rosidl_typesupport_cpp.dir/rosidl_typesupport_cpp/inertiallabs_msgs/msg/gps_data__type_support.cpp.o[0m
[3.448s] [ 28%] [32mBuilding CXX object CMakeFiles/inertiallabs_msgs__rosidl_typesupport_cpp.dir/rosidl_typesupport_cpp/inertiallabs_msgs/msg/sensor_data__type_support.cpp.o[0m
[3.449s] [ 30%] [32mBuilding CXX object CMakeFiles/inertiallabs_msgs__rosidl_typesupport_cpp.dir/rosidl_typesupport_cpp/inertiallabs_msgs/msg/marine_data__type_support.cpp.o[0m
[3.476s] gmake[3]: Leaving directory '/home/ycao/ins2_ws/build/inertiallabs_msgs'
[3.477s] gmake[3]: Entering directory '/home/ycao/ins2_ws/build/inertiallabs_msgs'
[3.480s] [ 31%] [32mBuilding CXX object CMakeFiles/inertiallabs_msgs__rosidl_typesupport_introspection_cpp.dir/rosidl_typesupport_introspection_cpp/inertiallabs_msgs/msg/detail/ins_data__type_support.cpp.o[0m
[3.480s] [ 33%] [32mBuilding CXX object CMakeFiles/inertiallabs_msgs__rosidl_typesupport_introspection_cpp.dir/rosidl_typesupport_introspection_cpp/inertiallabs_msgs/msg/detail/sensor_data__type_support.cpp.o[0m
[3.481s] [ 34%] [32mBuilding CXX object CMakeFiles/inertiallabs_msgs__rosidl_typesupport_introspection_cpp.dir/rosidl_typesupport_introspection_cpp/inertiallabs_msgs/msg/detail/gps_data__type_support.cpp.o[0m
[3.481s] [ 36%] [32mBuilding CXX object CMakeFiles/inertiallabs_msgs__rosidl_typesupport_introspection_cpp.dir/rosidl_typesupport_introspection_cpp/inertiallabs_msgs/msg/detail/marine_data__type_support.cpp.o[0m
[3.482s] [ 38%] [32mBuilding CXX object CMakeFiles/inertiallabs_msgs__rosidl_typesupport_introspection_cpp.dir/rosidl_typesupport_introspection_cpp/inertiallabs_msgs/msg/detail/gnss_data__type_support.cpp.o[0m
[3.509s] gmake[3]: Leaving directory '/home/ycao/ins2_ws/build/inertiallabs_msgs'
[3.510s] gmake[3]: Entering directory '/home/ycao/ins2_ws/build/inertiallabs_msgs'
[3.514s] [ 39%] [32mBuilding CXX object CMakeFiles/inertiallabs_msgs__rosidl_typesupport_fastrtps_cpp.dir/rosidl_typesupport_fastrtps_cpp/inertiallabs_msgs/msg/detail/dds_fastrtps/ins_data__type_support.cpp.o[0m
[3.514s] [ 41%] [32mBuilding CXX object CMakeFiles/inertiallabs_msgs__rosidl_typesupport_fastrtps_cpp.dir/rosidl_typesupport_fastrtps_cpp/inertiallabs_msgs/msg/detail/dds_fastrtps/gnss_data__type_support.cpp.o[0m
[3.515s] [ 42%] [32mBuilding CXX object CMakeFiles/inertiallabs_msgs__rosidl_typesupport_fastrtps_cpp.dir/rosidl_typesupport_fastrtps_cpp/inertiallabs_msgs/msg/detail/dds_fastrtps/sensor_data__type_support.cpp.o[0m
[3.515s] [ 44%] [32mBuilding CXX object CMakeFiles/inertiallabs_msgs__rosidl_typesupport_fastrtps_cpp.dir/rosidl_typesupport_fastrtps_cpp/inertiallabs_msgs/msg/detail/dds_fastrtps/gps_data__type_support.cpp.o[0m
[3.516s] [ 46%] [32mBuilding CXX object CMakeFiles/inertiallabs_msgs__rosidl_typesupport_fastrtps_cpp.dir/rosidl_typesupport_fastrtps_cpp/inertiallabs_msgs/msg/detail/dds_fastrtps/marine_data__type_support.cpp.o[0m
[3.531s] gmake[3]: Leaving directory '/home/ycao/ins2_ws/build/inertiallabs_msgs'
[3.532s] gmake[3]: Entering directory '/home/ycao/ins2_ws/build/inertiallabs_msgs'
[3.536s] [ 49%] [32mBuilding CXX object CMakeFiles/inertiallabs_msgs__rosidl_typesupport_c.dir/rosidl_typesupport_c/inertiallabs_msgs/msg/marine_data__type_support.cpp.o[0m
[3.536s] [ 49%] [32mBuilding CXX object CMakeFiles/inertiallabs_msgs__rosidl_typesupport_c.dir/rosidl_typesupport_c/inertiallabs_msgs/msg/gnss_data__type_support.cpp.o[0m
[3.537s] [ 50%] [32mBuilding CXX object CMakeFiles/inertiallabs_msgs__rosidl_typesupport_c.dir/rosidl_typesupport_c/inertiallabs_msgs/msg/ins_data__type_support.cpp.o[0m
[3.537s] [ 52%] [32mBuilding CXX object CMakeFiles/inertiallabs_msgs__rosidl_typesupport_c.dir/rosidl_typesupport_c/inertiallabs_msgs/msg/gps_data__type_support.cpp.o[0m
[3.537s] [ 53%] [32mBuilding CXX object CMakeFiles/inertiallabs_msgs__rosidl_typesupport_c.dir/rosidl_typesupport_c/inertiallabs_msgs/msg/sensor_data__type_support.cpp.o[0m
[3.557s] [ 55%] [32m[1mLinking CXX shared library libinertiallabs_msgs__rosidl_typesupport_c.so[0m
[3.584s] gmake[3]: Leaving directory '/home/ycao/ins2_ws/build/inertiallabs_msgs'
[3.585s] gmake[3]: Entering directory '/home/ycao/ins2_ws/build/inertiallabs_msgs'
[3.590s] [ 60%] [32mBuilding C object CMakeFiles/inertiallabs_msgs__rosidl_typesupport_introspection_c.dir/rosidl_typesupport_introspection_c/inertiallabs_msgs/msg/detail/marine_data__type_support.c.o[0m
[3.591s] [ 60%] [32mBuilding C object CMakeFiles/inertiallabs_msgs__rosidl_typesupport_introspection_c.dir/rosidl_typesupport_introspection_c/inertiallabs_msgs/msg/detail/gps_data__type_support.c.o[0m
[3.591s] [ 60%] [32mBuilding C object CMakeFiles/inertiallabs_msgs__rosidl_typesupport_introspection_c.dir/rosidl_typesupport_introspection_c/inertiallabs_msgs/msg/detail/sensor_data__type_support.c.o[0m
[3.591s] [ 63%] [32mBuilding C object CMakeFiles/inertiallabs_msgs__rosidl_typesupport_introspection_c.dir/rosidl_typesupport_introspection_c/inertiallabs_msgs/msg/detail/ins_data__type_support.c.o[0m
[3.591s] [ 63%] [32mBuilding C object CMakeFiles/inertiallabs_msgs__rosidl_typesupport_introspection_c.dir/rosidl_typesupport_introspection_c/inertiallabs_msgs/msg/detail/gnss_data__type_support.c.o[0m
[3.600s] gmake[3]: Leaving directory '/home/ycao/ins2_ws/build/inertiallabs_msgs'
[3.601s] gmake[3]: Entering directory '/home/ycao/ins2_ws/build/inertiallabs_msgs'
[3.605s] [ 65%] [32mBuilding CXX object CMakeFiles/inertiallabs_msgs__rosidl_typesupport_fastrtps_c.dir/rosidl_typesupport_fastrtps_c/inertiallabs_msgs/msg/detail/ins_data__type_support_c.cpp.o[0m
[3.605s] [ 66%] [32mBuilding CXX object CMakeFiles/inertiallabs_msgs__rosidl_typesupport_fastrtps_c.dir/rosidl_typesupport_fastrtps_c/inertiallabs_msgs/msg/detail/marine_data__type_support_c.cpp.o[0m
[3.606s] [ 68%] [32mBuilding CXX object CMakeFiles/inertiallabs_msgs__rosidl_typesupport_fastrtps_c.dir/rosidl_typesupport_fastrtps_c/inertiallabs_msgs/msg/detail/gps_data__type_support_c.cpp.o[0m
[3.606s] [ 69%] [32mBuilding CXX object CMakeFiles/inertiallabs_msgs__rosidl_typesupport_fastrtps_c.dir/rosidl_typesupport_fastrtps_c/inertiallabs_msgs/msg/detail/sensor_data__type_support_c.cpp.o[0m
[3.606s] [ 71%] [32mBuilding CXX object CMakeFiles/inertiallabs_msgs__rosidl_typesupport_fastrtps_c.dir/rosidl_typesupport_fastrtps_c/inertiallabs_msgs/msg/detail/gnss_data__type_support_c.cpp.o[0m
[3.613s] gmake[3]: Leaving directory '/home/ycao/ins2_ws/build/inertiallabs_msgs'
[3.617s] [ 71%] Built target inertiallabs_msgs__rosidl_typesupport_c
[3.617s] [ 73%] [32m[1mLinking C shared library libinertiallabs_msgs__rosidl_typesupport_introspection_c.so[0m
[3.637s] [ 74%] [32m[1mLinking CXX shared library libinertiallabs_msgs__rosidl_typesupport_cpp.so[0m
[3.653s] gmake[3]: Leaving directory '/home/ycao/ins2_ws/build/inertiallabs_msgs'
[3.657s] [ 74%] Built target inertiallabs_msgs__rosidl_typesupport_introspection_c
[3.680s] gmake[3]: Leaving directory '/home/ycao/ins2_ws/build/inertiallabs_msgs'
[3.684s] [ 74%] Built target inertiallabs_msgs__rosidl_typesupport_cpp
[3.761s] [ 76%] [32m[1mLinking CXX shared library libinertiallabs_msgs__rosidl_typesupport_introspection_cpp.so[0m
[3.779s] [ 77%] [32m[1mLinking CXX shared library libinertiallabs_msgs__rosidl_typesupport_fastrtps_cpp.so[0m
[3.790s] [ 79%] [32m[1mLinking CXX shared library libinertiallabs_msgs__rosidl_typesupport_fastrtps_c.so[0m
[3.810s] gmake[3]: Leaving directory '/home/ycao/ins2_ws/build/inertiallabs_msgs'
[3.814s] [ 79%] Built target inertiallabs_msgs__rosidl_typesupport_introspection_cpp
[3.829s] gmake[3]: Leaving directory '/home/ycao/ins2_ws/build/inertiallabs_msgs'
[3.832s] [ 79%] Built target inertiallabs_msgs__rosidl_typesupport_fastrtps_cpp
[3.841s] gmake[3]: Leaving directory '/home/ycao/ins2_ws/build/inertiallabs_msgs'
[3.844s] [ 79%] Built target inertiallabs_msgs__rosidl_typesupport_fastrtps_c
[3.845s] gmake[3]: Entering directory '/home/ycao/ins2_ws/build/inertiallabs_msgs'
[3.848s] gmake[3]: Leaving directory '/home/ycao/ins2_ws/build/inertiallabs_msgs'
[3.851s] [ 79%] Built target inertiallabs_msgs
[3.852s] gmake[3]: Entering directory '/home/ycao/ins2_ws/build/inertiallabs_msgs'
[3.855s] gmake[3]: Leaving directory '/home/ycao/ins2_ws/build/inertiallabs_msgs'
[3.856s] gmake[3]: Entering directory '/home/ycao/ins2_ws/build/inertiallabs_msgs'
[3.859s] [ 80%] [34m[1mGenerating Python code for ROS interfaces[0m
[4.342s] gmake[3]: Leaving directory '/home/ycao/ins2_ws/build/inertiallabs_msgs'
[4.344s] [ 80%] Built target inertiallabs_msgs__py
[4.345s] gmake[3]: Entering directory '/home/ycao/ins2_ws/build/inertiallabs_msgs'
[4.349s] gmake[3]: Leaving directory '/home/ycao/ins2_ws/build/inertiallabs_msgs'
[4.349s] gmake[3]: Entering directory '/home/ycao/ins2_ws/build/inertiallabs_msgs'
[4.353s] [ 82%] [32mBuilding C object CMakeFiles/inertiallabs_msgs__rosidl_generator_py.dir/rosidl_generator_py/inertiallabs_msgs/msg/_ins_data_s.c.o[0m
[4.353s] [ 84%] [32mBuilding C object CMakeFiles/inertiallabs_msgs__rosidl_generator_py.dir/rosidl_generator_py/inertiallabs_msgs/msg/_sensor_data_s.c.o[0m
[4.353s] [ 85%] [32mBuilding C object CMakeFiles/inertiallabs_msgs__rosidl_generator_py.dir/rosidl_generator_py/inertiallabs_msgs/msg/_gnss_data_s.c.o[0m
[4.353s] [ 87%] [32mBuilding C object CMakeFiles/inertiallabs_msgs__rosidl_generator_py.dir/rosidl_generator_py/inertiallabs_msgs/msg/_gps_data_s.c.o[0m
[4.353s] [ 88%] [32mBuilding C object CMakeFiles/inertiallabs_msgs__rosidl_generator_py.dir/rosidl_generator_py/inertiallabs_msgs/msg/_marine_data_s.c.o[0m
[4.405s] [ 90%] [32m[1mLinking C shared library rosidl_generator_py/inertiallabs_msgs/libinertiallabs_msgs__rosidl_generator_py.so[0m
[4.446s] gmake[3]: Leaving directory '/home/ycao/ins2_ws/build/inertiallabs_msgs'
[4.450s] [ 90%] Built target inertiallabs_msgs__rosidl_generator_py
[4.451s] gmake[3]: Entering directory '/home/ycao/ins2_ws/build/inertiallabs_msgs'
[4.451s] gmake[3]: Entering directory '/home/ycao/ins2_ws/build/inertiallabs_msgs'
[4.451s] gmake[3]: Entering directory '/home/ycao/ins2_ws/build/inertiallabs_msgs'
[4.454s] gmake[3]: Leaving directory '/home/ycao/ins2_ws/build/inertiallabs_msgs'
[4.454s] gmake[3]: Leaving directory '/home/ycao/ins2_ws/build/inertiallabs_msgs'
[4.454s] gmake[3]: Leaving directory '/home/ycao/ins2_ws/build/inertiallabs_msgs'
[4.455s] gmake[3]: Entering directory '/home/ycao/ins2_ws/build/inertiallabs_msgs'
[4.455s] gmake[3]: Entering directory '/home/ycao/ins2_ws/build/inertiallabs_msgs'
[4.455s] gmake[3]: Entering directory '/home/ycao/ins2_ws/build/inertiallabs_msgs'
[4.458s] [ 93%] [32mBuilding C object CMakeFiles/inertiallabs_msgs__rosidl_typesupport_introspection_c__pyext.dir/rosidl_generator_py/inertiallabs_msgs/_inertiallabs_msgs_s.ep.rosidl_typesupport_introspection_c.c.o[0m
[4.458s] [ 93%] [32mBuilding C object CMakeFiles/inertiallabs_msgs__rosidl_typesupport_fastrtps_c__pyext.dir/rosidl_generator_py/inertiallabs_msgs/_inertiallabs_msgs_s.ep.rosidl_typesupport_fastrtps_c.c.o[0m
[4.458s] [ 95%] [32mBuilding C object CMakeFiles/inertiallabs_msgs__rosidl_typesupport_c__pyext.dir/rosidl_generator_py/inertiallabs_msgs/_inertiallabs_msgs_s.ep.rosidl_typesupport_c.c.o[0m
[4.507s] [ 98%] [32m[1mLinking C shared library rosidl_generator_py/inertiallabs_msgs/inertiallabs_msgs_s__rosidl_typesupport_fastrtps_c.cpython-310-x86_64-linux-gnu.so[0m
[4.507s] [ 98%] [32m[1mLinking C shared library rosidl_generator_py/inertiallabs_msgs/inertiallabs_msgs_s__rosidl_typesupport_introspection_c.cpython-310-x86_64-linux-gnu.so[0m
[4.508s] [100%] [32m[1mLinking C shared library rosidl_generator_py/inertiallabs_msgs/inertiallabs_msgs_s__rosidl_typesupport_c.cpython-310-x86_64-linux-gnu.so[0m
[4.534s] gmake[3]: Leaving directory '/home/ycao/ins2_ws/build/inertiallabs_msgs'
[4.534s] gmake[3]: Leaving directory '/home/ycao/ins2_ws/build/inertiallabs_msgs'
[4.534s] gmake[3]: Leaving directory '/home/ycao/ins2_ws/build/inertiallabs_msgs'
[4.537s] [100%] Built target inertiallabs_msgs__rosidl_typesupport_fastrtps_c__pyext
[4.537s] [100%] Built target inertiallabs_msgs__rosidl_typesupport_c__pyext
[4.537s] [100%] Built target inertiallabs_msgs__rosidl_typesupport_introspection_c__pyext
[4.537s] gmake[2]: Leaving directory '/home/ycao/ins2_ws/build/inertiallabs_msgs'
[4.541s] gmake[1]: Leaving directory '/home/ycao/ins2_ws/build/inertiallabs_msgs'
[4.542s] Invoked command in '/home/ycao/ins2_ws/build/inertiallabs_msgs' returned '0': CMAKE_PREFIX_PATH=/opt/ros/humble /usr/bin/cmake --build /home/ycao/ins2_ws/build/inertiallabs_msgs -- -j32 -l32
[4.591s] Invoking command in '/home/ycao/ins2_ws/build/inertiallabs_msgs': CMAKE_PREFIX_PATH=/opt/ros/humble /usr/bin/cmake --install /home/ycao/ins2_ws/build/inertiallabs_msgs
[4.595s] -- Install configuration: ""
[4.595s] -- Installing: /home/ycao/ins2_ws/install/inertiallabs_msgs/share/ament_index/resource_index/rosidl_interfaces/inertiallabs_msgs
[4.595s] -- Installing: /home/ycao/ins2_ws/install/inertiallabs_msgs/include/inertiallabs_msgs/inertiallabs_msgs
[4.595s] -- Installing: /home/ycao/ins2_ws/install/inertiallabs_msgs/include/inertiallabs_msgs/inertiallabs_msgs/msg
[4.595s] -- Installing: /home/ycao/ins2_ws/install/inertiallabs_msgs/include/inertiallabs_msgs/inertiallabs_msgs/msg/ins_data.h
[4.595s] -- Installing: /home/ycao/ins2_ws/install/inertiallabs_msgs/include/inertiallabs_msgs/inertiallabs_msgs/msg/marine_data.h
[4.596s] -- Installing: /home/ycao/ins2_ws/install/inertiallabs_msgs/include/inertiallabs_msgs/inertiallabs_msgs/msg/detail
[4.596s] -- Installing: /home/ycao/ins2_ws/install/inertiallabs_msgs/include/inertiallabs_msgs/inertiallabs_msgs/msg/detail/ins_data__functions.h
[4.596s] -- Installing: /home/ycao/ins2_ws/install/inertiallabs_msgs/include/inertiallabs_msgs/inertiallabs_msgs/msg/detail/ins_data__functions.c
[4.596s] -- Installing: /home/ycao/ins2_ws/install/inertiallabs_msgs/include/inertiallabs_msgs/inertiallabs_msgs/msg/detail/gps_data__struct.h
[4.596s] -- Installing: /home/ycao/ins2_ws/install/inertiallabs_msgs/include/inertiallabs_msgs/inertiallabs_msgs/msg/detail/sensor_data__functions.h
[4.596s] -- Installing: /home/ycao/ins2_ws/install/inertiallabs_msgs/include/inertiallabs_msgs/inertiallabs_msgs/msg/detail/gnss_data__functions.c
[4.596s] -- Installing: /home/ycao/ins2_ws/install/inertiallabs_msgs/include/inertiallabs_msgs/inertiallabs_msgs/msg/detail/ins_data__struct.h
[4.596s] -- Installing: /home/ycao/ins2_ws/install/inertiallabs_msgs/include/inertiallabs_msgs/inertiallabs_msgs/msg/detail/ins_data__type_support.h
[4.596s] -- Installing: /home/ycao/ins2_ws/install/inertiallabs_msgs/include/inertiallabs_msgs/inertiallabs_msgs/msg/detail/sensor_data__struct.h
[4.596s] -- Installing: /home/ycao/ins2_ws/install/inertiallabs_msgs/include/inertiallabs_msgs/inertiallabs_msgs/msg/detail/gps_data__type_support.h
[4.596s] -- Installing: /home/ycao/ins2_ws/install/inertiallabs_msgs/include/inertiallabs_msgs/inertiallabs_msgs/msg/detail/gps_data__functions.c
[4.596s] -- Installing: /home/ycao/ins2_ws/install/inertiallabs_msgs/include/inertiallabs_msgs/inertiallabs_msgs/msg/detail/marine_data__functions.c
[4.596s] -- Installing: /home/ycao/ins2_ws/install/inertiallabs_msgs/include/inertiallabs_msgs/inertiallabs_msgs/msg/detail/gnss_data__type_support.h
[4.597s] -- Installing: /home/ycao/ins2_ws/install/inertiallabs_msgs/include/inertiallabs_msgs/inertiallabs_msgs/msg/detail/marine_data__type_support.h
[4.597s] -- Installing: /home/ycao/ins2_ws/install/inertiallabs_msgs/include/inertiallabs_msgs/inertiallabs_msgs/msg/detail/gnss_data__struct.h
[4.597s] -- Installing: /home/ycao/ins2_ws/install/inertiallabs_msgs/include/inertiallabs_msgs/inertiallabs_msgs/msg/detail/marine_data__struct.h
[4.597s] -- Installing: /home/ycao/ins2_ws/install/inertiallabs_msgs/include/inertiallabs_msgs/inertiallabs_msgs/msg/detail/gps_data__functions.h
[4.597s] -- Installing: /home/ycao/ins2_ws/install/inertiallabs_msgs/include/inertiallabs_msgs/inertiallabs_msgs/msg/detail/marine_data__functions.h
[4.597s] -- Installing: /home/ycao/ins2_ws/install/inertiallabs_msgs/include/inertiallabs_msgs/inertiallabs_msgs/msg/detail/gnss_data__functions.h
[4.597s] -- Installing: /home/ycao/ins2_ws/install/inertiallabs_msgs/include/inertiallabs_msgs/inertiallabs_msgs/msg/detail/sensor_data__functions.c
[4.597s] -- Installing: /home/ycao/ins2_ws/install/inertiallabs_msgs/include/inertiallabs_msgs/inertiallabs_msgs/msg/detail/sensor_data__type_support.h
[4.597s] -- Installing: /home/ycao/ins2_ws/install/inertiallabs_msgs/include/inertiallabs_msgs/inertiallabs_msgs/msg/gnss_data.h
[4.597s] -- Installing: /home/ycao/ins2_ws/install/inertiallabs_msgs/include/inertiallabs_msgs/inertiallabs_msgs/msg/gps_data.h
[4.597s] -- Installing: /home/ycao/ins2_ws/install/inertiallabs_msgs/include/inertiallabs_msgs/inertiallabs_msgs/msg/rosidl_generator_c__visibility_control.h
[4.598s] -- Installing: /home/ycao/ins2_ws/install/inertiallabs_msgs/include/inertiallabs_msgs/inertiallabs_msgs/msg/sensor_data.h
[4.598s] -- Installing: /home/ycao/ins2_ws/install/inertiallabs_msgs/share/inertiallabs_msgs/environment/library_path.sh
[4.598s] -- Installing: /home/ycao/ins2_ws/install/inertiallabs_msgs/share/inertiallabs_msgs/environment/library_path.dsv
[4.599s] -- Installing: /home/ycao/ins2_ws/install/inertiallabs_msgs/lib/libinertiallabs_msgs__rosidl_generator_c.so
[4.599s] -- Set runtime path of "/home/ycao/ins2_ws/install/inertiallabs_msgs/lib/libinertiallabs_msgs__rosidl_generator_c.so" to ""
[4.599s] -- Up-to-date: /home/ycao/ins2_ws/install/inertiallabs_msgs/include/inertiallabs_msgs/inertiallabs_msgs
[4.599s] -- Up-to-date: /home/ycao/ins2_ws/install/inertiallabs_msgs/include/inertiallabs_msgs/inertiallabs_msgs/msg
[4.599s] -- Installing: /home/ycao/ins2_ws/install/inertiallabs_msgs/include/inertiallabs_msgs/inertiallabs_msgs/msg/rosidl_typesupport_fastrtps_c__visibility_control.h
[4.599s] -- Up-to-date: /home/ycao/ins2_ws/install/inertiallabs_msgs/include/inertiallabs_msgs/inertiallabs_msgs/msg/detail
[4.599s] -- Installing: /home/ycao/ins2_ws/install/inertiallabs_msgs/include/inertiallabs_msgs/inertiallabs_msgs/msg/detail/gps_data__rosidl_typesupport_fastrtps_c.h
[4.599s] -- Installing: /home/ycao/ins2_ws/install/inertiallabs_msgs/include/inertiallabs_msgs/inertiallabs_msgs/msg/detail/ins_data__rosidl_typesupport_fastrtps_c.h
[4.599s] -- Installing: /home/ycao/ins2_ws/install/inertiallabs_msgs/include/inertiallabs_msgs/inertiallabs_msgs/msg/detail/sensor_data__rosidl_typesupport_fastrtps_c.h
[4.599s] -- Installing: /home/ycao/ins2_ws/install/inertiallabs_msgs/include/inertiallabs_msgs/inertiallabs_msgs/msg/detail/gnss_data__rosidl_typesupport_fastrtps_c.h
[4.599s] -- Installing: /home/ycao/ins2_ws/install/inertiallabs_msgs/include/inertiallabs_msgs/inertiallabs_msgs/msg/detail/marine_data__rosidl_typesupport_fastrtps_c.h
[4.599s] -- Installing: /home/ycao/ins2_ws/install/inertiallabs_msgs/lib/libinertiallabs_msgs__rosidl_typesupport_fastrtps_c.so
[4.600s] -- Set runtime path of "/home/ycao/ins2_ws/install/inertiallabs_msgs/lib/libinertiallabs_msgs__rosidl_typesupport_fastrtps_c.so" to ""
[4.600s] -- Up-to-date: /home/ycao/ins2_ws/install/inertiallabs_msgs/include/inertiallabs_msgs/inertiallabs_msgs
[4.600s] -- Up-to-date: /home/ycao/ins2_ws/install/inertiallabs_msgs/include/inertiallabs_msgs/inertiallabs_msgs/msg
[4.600s] -- Installing: /home/ycao/ins2_ws/install/inertiallabs_msgs/include/inertiallabs_msgs/inertiallabs_msgs/msg/gps_data.hpp
[4.600s] -- Installing: /home/ycao/ins2_ws/install/inertiallabs_msgs/include/inertiallabs_msgs/inertiallabs_msgs/msg/ins_data.hpp
[4.600s] -- Installing: /home/ycao/ins2_ws/install/inertiallabs_msgs/include/inertiallabs_msgs/inertiallabs_msgs/msg/sensor_data.hpp
[4.600s] -- Up-to-date: /home/ycao/ins2_ws/install/inertiallabs_msgs/include/inertiallabs_msgs/inertiallabs_msgs/msg/detail
[4.600s] -- Installing: /home/ycao/ins2_ws/install/inertiallabs_msgs/include/inertiallabs_msgs/inertiallabs_msgs/msg/detail/marine_data__traits.hpp
[4.600s] -- Installing: /home/ycao/ins2_ws/install/inertiallabs_msgs/include/inertiallabs_msgs/inertiallabs_msgs/msg/detail/gps_data__builder.hpp
[4.600s] -- Installing: /home/ycao/ins2_ws/install/inertiallabs_msgs/include/inertiallabs_msgs/inertiallabs_msgs/msg/detail/gnss_data__struct.hpp
[4.600s] -- Installing: /home/ycao/ins2_ws/install/inertiallabs_msgs/include/inertiallabs_msgs/inertiallabs_msgs/msg/detail/sensor_data__traits.hpp
[4.600s] -- Installing: /home/ycao/ins2_ws/install/inertiallabs_msgs/include/inertiallabs_msgs/inertiallabs_msgs/msg/detail/sensor_data__builder.hpp
[4.600s] -- Installing: /home/ycao/ins2_ws/install/inertiallabs_msgs/include/inertiallabs_msgs/inertiallabs_msgs/msg/detail/sensor_data__struct.hpp
[4.600s] -- Installing: /home/ycao/ins2_ws/install/inertiallabs_msgs/include/inertiallabs_msgs/inertiallabs_msgs/msg/detail/gps_data__struct.hpp
[4.601s] -- Installing: /home/ycao/ins2_ws/install/inertiallabs_msgs/include/inertiallabs_msgs/inertiallabs_msgs/msg/detail/marine_data__builder.hpp
[4.601s] -- Installing: /home/ycao/ins2_ws/install/inertiallabs_msgs/include/inertiallabs_msgs/inertiallabs_msgs/msg/detail/ins_data__builder.hpp
[4.601s] -- Installing: /home/ycao/ins2_ws/install/inertiallabs_msgs/include/inertiallabs_msgs/inertiallabs_msgs/msg/detail/gps_data__traits.hpp
[4.601s] -- Installing: /home/ycao/ins2_ws/install/inertiallabs_msgs/include/inertiallabs_msgs/inertiallabs_msgs/msg/detail/marine_data__struct.hpp
[4.601s] -- Installing: /home/ycao/ins2_ws/install/inertiallabs_msgs/include/inertiallabs_msgs/inertiallabs_msgs/msg/detail/gnss_data__builder.hpp
[4.601s] -- Installing: /home/ycao/ins2_ws/install/inertiallabs_msgs/include/inertiallabs_msgs/inertiallabs_msgs/msg/detail/gnss_data__traits.hpp
[4.601s] -- Installing: /home/ycao/ins2_ws/install/inertiallabs_msgs/include/inertiallabs_msgs/inertiallabs_msgs/msg/detail/ins_data__traits.hpp
[4.601s] -- Installing: /home/ycao/ins2_ws/install/inertiallabs_msgs/include/inertiallabs_msgs/inertiallabs_msgs/msg/detail/ins_data__struct.hpp
[4.601s] -- Installing: /home/ycao/ins2_ws/install/inertiallabs_msgs/include/inertiallabs_msgs/inertiallabs_msgs/msg/marine_data.hpp
[4.601s] -- Installing: /home/ycao/ins2_ws/install/inertiallabs_msgs/include/inertiallabs_msgs/inertiallabs_msgs/msg/gnss_data.hpp
[4.601s] -- Up-to-date: /home/ycao/ins2_ws/install/inertiallabs_msgs/include/inertiallabs_msgs/inertiallabs_msgs
[4.601s] -- Up-to-date: /home/ycao/ins2_ws/install/inertiallabs_msgs/include/inertiallabs_msgs/inertiallabs_msgs/msg
[4.601s] -- Up-to-date: /home/ycao/ins2_ws/install/inertiallabs_msgs/include/inertiallabs_msgs/inertiallabs_msgs/msg/detail
[4.602s] -- Installing: /home/ycao/ins2_ws/install/inertiallabs_msgs/include/inertiallabs_msgs/inertiallabs_msgs/msg/detail/ins_data__rosidl_typesupport_fastrtps_cpp.hpp
[4.602s] -- Installing: /home/ycao/ins2_ws/install/inertiallabs_msgs/include/inertiallabs_msgs/inertiallabs_msgs/msg/detail/gps_data__rosidl_typesupport_fastrtps_cpp.hpp
[4.602s] -- Installing: /home/ycao/ins2_ws/install/inertiallabs_msgs/include/inertiallabs_msgs/inertiallabs_msgs/msg/detail/gnss_data__rosidl_typesupport_fastrtps_cpp.hpp
[4.602s] -- Installing: /home/ycao/ins2_ws/install/inertiallabs_msgs/include/inertiallabs_msgs/inertiallabs_msgs/msg/detail/sensor_data__rosidl_typesupport_fastrtps_cpp.hpp
[4.602s] -- Installing: /home/ycao/ins2_ws/install/inertiallabs_msgs/include/inertiallabs_msgs/inertiallabs_msgs/msg/detail/dds_fastrtps
[4.602s] -- Installing: /home/ycao/ins2_ws/install/inertiallabs_msgs/include/inertiallabs_msgs/inertiallabs_msgs/msg/detail/marine_data__rosidl_typesupport_fastrtps_cpp.hpp
[4.602s] -- Installing: /home/ycao/ins2_ws/install/inertiallabs_msgs/include/inertiallabs_msgs/inertiallabs_msgs/msg/rosidl_typesupport_fastrtps_cpp__visibility_control.h
[4.602s] -- Installing: /home/ycao/ins2_ws/install/inertiallabs_msgs/lib/libinertiallabs_msgs__rosidl_typesupport_fastrtps_cpp.so
[4.602s] -- Set runtime path of "/home/ycao/ins2_ws/install/inertiallabs_msgs/lib/libinertiallabs_msgs__rosidl_typesupport_fastrtps_cpp.so" to ""
[4.602s] -- Up-to-date: /home/ycao/ins2_ws/install/inertiallabs_msgs/include/inertiallabs_msgs/inertiallabs_msgs
[4.602s] -- Up-to-date: /home/ycao/ins2_ws/install/inertiallabs_msgs/include/inertiallabs_msgs/inertiallabs_msgs/msg
[4.602s] -- Installing: /home/ycao/ins2_ws/install/inertiallabs_msgs/include/inertiallabs_msgs/inertiallabs_msgs/msg/rosidl_typesupport_introspection_c__visibility_control.h
[4.602s] -- Up-to-date: /home/ycao/ins2_ws/install/inertiallabs_msgs/include/inertiallabs_msgs/inertiallabs_msgs/msg/detail
[4.602s] -- Installing: /home/ycao/ins2_ws/install/inertiallabs_msgs/include/inertiallabs_msgs/inertiallabs_msgs/msg/detail/gnss_data__type_support.c
[4.602s] -- Installing: /home/ycao/ins2_ws/install/inertiallabs_msgs/include/inertiallabs_msgs/inertiallabs_msgs/msg/detail/sensor_data__rosidl_typesupport_introspection_c.h
[4.602s] -- Installing: /home/ycao/ins2_ws/install/inertiallabs_msgs/include/inertiallabs_msgs/inertiallabs_msgs/msg/detail/gnss_data__rosidl_typesupport_introspection_c.h
[4.602s] -- Installing: /home/ycao/ins2_ws/install/inertiallabs_msgs/include/inertiallabs_msgs/inertiallabs_msgs/msg/detail/sensor_data__type_support.c
[4.602s] -- Installing: /home/ycao/ins2_ws/install/inertiallabs_msgs/include/inertiallabs_msgs/inertiallabs_msgs/msg/detail/marine_data__rosidl_typesupport_introspection_c.h
[4.602s] -- Installing: /home/ycao/ins2_ws/install/inertiallabs_msgs/include/inertiallabs_msgs/inertiallabs_msgs/msg/detail/ins_data__rosidl_typesupport_introspection_c.h
[4.602s] -- Installing: /home/ycao/ins2_ws/install/inertiallabs_msgs/include/inertiallabs_msgs/inertiallabs_msgs/msg/detail/gps_data__type_support.c
[4.602s] -- Installing: /home/ycao/ins2_ws/install/inertiallabs_msgs/include/inertiallabs_msgs/inertiallabs_msgs/msg/detail/marine_data__type_support.c
[4.602s] -- Installing: /home/ycao/ins2_ws/install/inertiallabs_msgs/include/inertiallabs_msgs/inertiallabs_msgs/msg/detail/gps_data__rosidl_typesupport_introspection_c.h
[4.602s] -- Installing: /home/ycao/ins2_ws/install/inertiallabs_msgs/include/inertiallabs_msgs/inertiallabs_msgs/msg/detail/ins_data__type_support.c
[4.602s] -- Installing: /home/ycao/ins2_ws/install/inertiallabs_msgs/lib/libinertiallabs_msgs__rosidl_typesupport_introspection_c.so
[4.602s] -- Set runtime path of "/home/ycao/ins2_ws/install/inertiallabs_msgs/lib/libinertiallabs_msgs__rosidl_typesupport_introspection_c.so" to ""
[4.602s] -- Installing: /home/ycao/ins2_ws/install/inertiallabs_msgs/lib/libinertiallabs_msgs__rosidl_typesupport_c.so
[4.602s] -- Set runtime path of "/home/ycao/ins2_ws/install/inertiallabs_msgs/lib/libinertiallabs_msgs__rosidl_typesupport_c.so" to ""
[4.603s] -- Up-to-date: /home/ycao/ins2_ws/install/inertiallabs_msgs/include/inertiallabs_msgs/inertiallabs_msgs
[4.603s] -- Up-to-date: /home/ycao/ins2_ws/install/inertiallabs_msgs/include/inertiallabs_msgs/inertiallabs_msgs/msg
[4.603s] -- Up-to-date: /home/ycao/ins2_ws/install/inertiallabs_msgs/include/inertiallabs_msgs/inertiallabs_msgs/msg/detail
[4.603s] -- Installing: /home/ycao/ins2_ws/install/inertiallabs_msgs/include/inertiallabs_msgs/inertiallabs_msgs/msg/detail/marine_data__type_support.cpp
[4.603s] -- Installing: /home/ycao/ins2_ws/install/inertiallabs_msgs/include/inertiallabs_msgs/inertiallabs_msgs/msg/detail/gps_data__rosidl_typesupport_introspection_cpp.hpp
[4.603s] -- Installing: /home/ycao/ins2_ws/install/inertiallabs_msgs/include/inertiallabs_msgs/inertiallabs_msgs/msg/detail/ins_data__type_support.cpp
[4.603s] -- Installing: /home/ycao/ins2_ws/install/inertiallabs_msgs/include/inertiallabs_msgs/inertiallabs_msgs/msg/detail/sensor_data__type_support.cpp
[4.603s] -- Installing: /home/ycao/ins2_ws/install/inertiallabs_msgs/include/inertiallabs_msgs/inertiallabs_msgs/msg/detail/gps_data__type_support.cpp
[4.603s] -- Installing: /home/ycao/ins2_ws/install/inertiallabs_msgs/include/inertiallabs_msgs/inertiallabs_msgs/msg/detail/gnss_data__type_support.cpp
[4.603s] -- Installing: /home/ycao/ins2_ws/install/inertiallabs_msgs/include/inertiallabs_msgs/inertiallabs_msgs/msg/detail/marine_data__rosidl_typesupport_introspection_cpp.hpp
[4.603s] -- Installing: /home/ycao/ins2_ws/install/inertiallabs_msgs/include/inertiallabs_msgs/inertiallabs_msgs/msg/detail/ins_data__rosidl_typesupport_introspection_cpp.hpp
[4.603s] -- Installing: /home/ycao/ins2_ws/install/inertiallabs_msgs/include/inertiallabs_msgs/inertiallabs_msgs/msg/detail/gnss_data__rosidl_typesupport_introspection_cpp.hpp
[4.603s] -- Installing: /home/ycao/ins2_ws/install/inertiallabs_msgs/include/inertiallabs_msgs/inertiallabs_msgs/msg/detail/sensor_data__rosidl_typesupport_introspection_cpp.hpp
[4.603s] -- Installing: /home/ycao/ins2_ws/install/inertiallabs_msgs/lib/libinertiallabs_msgs__rosidl_typesupport_introspection_cpp.so
[4.603s] -- Set runtime path of "/home/ycao/ins2_ws/install/inertiallabs_msgs/lib/libinertiallabs_msgs__rosidl_typesupport_introspection_cpp.so" to ""
[4.603s] -- Installing: /home/ycao/ins2_ws/install/inertiallabs_msgs/lib/libinertiallabs_msgs__rosidl_typesupport_cpp.so
[4.603s] -- Set runtime path of "/home/ycao/ins2_ws/install/inertiallabs_msgs/lib/libinertiallabs_msgs__rosidl_typesupport_cpp.so" to ""
[4.603s] -- Installing: /home/ycao/ins2_ws/install/inertiallabs_msgs/share/inertiallabs_msgs/environment/pythonpath.sh
[4.603s] -- Installing: /home/ycao/ins2_ws/install/inertiallabs_msgs/share/inertiallabs_msgs/environment/pythonpath.dsv
[4.603s] -- Installing: /home/ycao/ins2_ws/install/inertiallabs_msgs/local/lib/python3.10/dist-packages/inertiallabs_msgs-0.0.0-py3.10.egg-info
[4.603s] -- Installing: /home/ycao/ins2_ws/install/inertiallabs_msgs/local/lib/python3.10/dist-packages/inertiallabs_msgs-0.0.0-py3.10.egg-info/dependency_links.txt
[4.603s] -- Installing: /home/ycao/ins2_ws/install/inertiallabs_msgs/local/lib/python3.10/dist-packages/inertiallabs_msgs-0.0.0-py3.10.egg-info/top_level.txt
[4.603s] -- Installing: /home/ycao/ins2_ws/install/inertiallabs_msgs/local/lib/python3.10/dist-packages/inertiallabs_msgs-0.0.0-py3.10.egg-info/SOURCES.txt
[4.603s] -- Installing: /home/ycao/ins2_ws/install/inertiallabs_msgs/local/lib/python3.10/dist-packages/inertiallabs_msgs-0.0.0-py3.10.egg-info/PKG-INFO
[4.603s] -- Installing: /home/ycao/ins2_ws/install/inertiallabs_msgs/local/lib/python3.10/dist-packages/inertiallabs_msgs
[4.603s] -- Installing: /home/ycao/ins2_ws/install/inertiallabs_msgs/local/lib/python3.10/dist-packages/inertiallabs_msgs/msg
[4.603s] -- Installing: /home/ycao/ins2_ws/install/inertiallabs_msgs/local/lib/python3.10/dist-packages/inertiallabs_msgs/msg/_marine_data_s.c
[4.603s] -- Installing: /home/ycao/ins2_ws/install/inertiallabs_msgs/local/lib/python3.10/dist-packages/inertiallabs_msgs/msg/_gnss_data_s.c
[4.603s] -- Installing: /home/ycao/ins2_ws/install/inertiallabs_msgs/local/lib/python3.10/dist-packages/inertiallabs_msgs/msg/_gnss_data.py
[4.603s] -- Installing: /home/ycao/ins2_ws/install/inertiallabs_msgs/local/lib/python3.10/dist-packages/inertiallabs_msgs/msg/_ins_data.py
[4.603s] -- Installing: /home/ycao/ins2_ws/install/inertiallabs_msgs/local/lib/python3.10/dist-packages/inertiallabs_msgs/msg/_sensor_data_s.c
[4.603s] -- Installing: /home/ycao/ins2_ws/install/inertiallabs_msgs/local/lib/python3.10/dist-packages/inertiallabs_msgs/msg/_gps_data.py
[4.603s] -- Installing: /home/ycao/ins2_ws/install/inertiallabs_msgs/local/lib/python3.10/dist-packages/inertiallabs_msgs/msg/_gps_data_s.c
[4.603s] -- Installing: /home/ycao/ins2_ws/install/inertiallabs_msgs/local/lib/python3.10/dist-packages/inertiallabs_msgs/msg/_ins_data_s.c
[4.603s] -- Installing: /home/ycao/ins2_ws/install/inertiallabs_msgs/local/lib/python3.10/dist-packages/inertiallabs_msgs/msg/__init__.py
[4.603s] -- Installing: /home/ycao/ins2_ws/install/inertiallabs_msgs/local/lib/python3.10/dist-packages/inertiallabs_msgs/msg/_marine_data.py
[4.604s] -- Installing: /home/ycao/ins2_ws/install/inertiallabs_msgs/local/lib/python3.10/dist-packages/inertiallabs_msgs/msg/_sensor_data.py
[4.604s] -- Installing: /home/ycao/ins2_ws/install/inertiallabs_msgs/local/lib/python3.10/dist-packages/inertiallabs_msgs/libinertiallabs_msgs__rosidl_generator_py.so
[4.604s] -- Installing: /home/ycao/ins2_ws/install/inertiallabs_msgs/local/lib/python3.10/dist-packages/inertiallabs_msgs/_inertiallabs_msgs_s.ep.rosidl_typesupport_introspection_c.c
[4.604s] -- Installing: /home/ycao/ins2_ws/install/inertiallabs_msgs/local/lib/python3.10/dist-packages/inertiallabs_msgs/_inertiallabs_msgs_s.ep.rosidl_typesupport_fastrtps_c.c
[4.604s] -- Installing: /home/ycao/ins2_ws/install/inertiallabs_msgs/local/lib/python3.10/dist-packages/inertiallabs_msgs/inertiallabs_msgs_s__rosidl_typesupport_fastrtps_c.cpython-310-x86_64-linux-gnu.so
[4.604s] -- Installing: /home/ycao/ins2_ws/install/inertiallabs_msgs/local/lib/python3.10/dist-packages/inertiallabs_msgs/inertiallabs_msgs_s__rosidl_typesupport_c.cpython-310-x86_64-linux-gnu.so
[4.604s] -- Installing: /home/ycao/ins2_ws/install/inertiallabs_msgs/local/lib/python3.10/dist-packages/inertiallabs_msgs/inertiallabs_msgs_s__rosidl_typesupport_introspection_c.cpython-310-x86_64-linux-gnu.so
[4.604s] -- Installing: /home/ycao/ins2_ws/install/inertiallabs_msgs/local/lib/python3.10/dist-packages/inertiallabs_msgs/__init__.py
[4.604s] -- Installing: /home/ycao/ins2_ws/install/inertiallabs_msgs/local/lib/python3.10/dist-packages/inertiallabs_msgs/_inertiallabs_msgs_s.ep.rosidl_typesupport_c.c
[4.622s] Listing '/home/ycao/ins2_ws/install/inertiallabs_msgs/local/lib/python3.10/dist-packages/inertiallabs_msgs'...
[4.622s] Compiling '/home/ycao/ins2_ws/install/inertiallabs_msgs/local/lib/python3.10/dist-packages/inertiallabs_msgs/__init__.py'...
[4.622s] Listing '/home/ycao/ins2_ws/install/inertiallabs_msgs/local/lib/python3.10/dist-packages/inertiallabs_msgs/msg'...
[4.622s] Compiling '/home/ycao/ins2_ws/install/inertiallabs_msgs/local/lib/python3.10/dist-packages/inertiallabs_msgs/msg/__init__.py'...
[4.622s] Compiling '/home/ycao/ins2_ws/install/inertiallabs_msgs/local/lib/python3.10/dist-packages/inertiallabs_msgs/msg/_gnss_data.py'...
[4.622s] Compiling '/home/ycao/ins2_ws/install/inertiallabs_msgs/local/lib/python3.10/dist-packages/inertiallabs_msgs/msg/_gps_data.py'...
[4.622s] Compiling '/home/ycao/ins2_ws/install/inertiallabs_msgs/local/lib/python3.10/dist-packages/inertiallabs_msgs/msg/_ins_data.py'...
[4.622s] Compiling '/home/ycao/ins2_ws/install/inertiallabs_msgs/local/lib/python3.10/dist-packages/inertiallabs_msgs/msg/_marine_data.py'...
[4.622s] Compiling '/home/ycao/ins2_ws/install/inertiallabs_msgs/local/lib/python3.10/dist-packages/inertiallabs_msgs/msg/_sensor_data.py'...
[4.625s] -- Installing: /home/ycao/ins2_ws/install/inertiallabs_msgs/local/lib/python3.10/dist-packages/inertiallabs_msgs/inertiallabs_msgs_s__rosidl_typesupport_fastrtps_c.cpython-310-x86_64-linux-gnu.so
[4.625s] -- Set runtime path of "/home/ycao/ins2_ws/install/inertiallabs_msgs/local/lib/python3.10/dist-packages/inertiallabs_msgs/inertiallabs_msgs_s__rosidl_typesupport_fastrtps_c.cpython-310-x86_64-linux-gnu.so" to ""
[4.625s] -- Installing: /home/ycao/ins2_ws/install/inertiallabs_msgs/local/lib/python3.10/dist-packages/inertiallabs_msgs/inertiallabs_msgs_s__rosidl_typesupport_introspection_c.cpython-310-x86_64-linux-gnu.so
[4.625s] -- Set runtime path of "/home/ycao/ins2_ws/install/inertiallabs_msgs/local/lib/python3.10/dist-packages/inertiallabs_msgs/inertiallabs_msgs_s__rosidl_typesupport_introspection_c.cpython-310-x86_64-linux-gnu.so" to ""
[4.625s] -- Installing: /home/ycao/ins2_ws/install/inertiallabs_msgs/local/lib/python3.10/dist-packages/inertiallabs_msgs/inertiallabs_msgs_s__rosidl_typesupport_c.cpython-310-x86_64-linux-gnu.so
[4.625s] -- Set runtime path of "/home/ycao/ins2_ws/install/inertiallabs_msgs/local/lib/python3.10/dist-packages/inertiallabs_msgs/inertiallabs_msgs_s__rosidl_typesupport_c.cpython-310-x86_64-linux-gnu.so" to ""
[4.625s] -- Installing: /home/ycao/ins2_ws/install/inertiallabs_msgs/lib/libinertiallabs_msgs__rosidl_generator_py.so
[4.625s] -- Set runtime path of "/home/ycao/ins2_ws/install/inertiallabs_msgs/lib/libinertiallabs_msgs__rosidl_generator_py.so" to ""
[4.625s] -- Installing: /home/ycao/ins2_ws/install/inertiallabs_msgs/share/inertiallabs_msgs/msg/InsData.idl
[4.626s] -- Installing: /home/ycao/ins2_ws/install/inertiallabs_msgs/share/inertiallabs_msgs/msg/SensorData.idl
[4.626s] -- Installing: /home/ycao/ins2_ws/install/inertiallabs_msgs/share/inertiallabs_msgs/msg/GnssData.idl
[4.626s] -- Installing: /home/ycao/ins2_ws/install/inertiallabs_msgs/share/inertiallabs_msgs/msg/GpsData.idl
[4.626s] -- Installing: /home/ycao/ins2_ws/install/inertiallabs_msgs/share/inertiallabs_msgs/msg/MarineData.idl
[4.626s] -- Installing: /home/ycao/ins2_ws/install/inertiallabs_msgs/share/inertiallabs_msgs/msg/InsData.msg
[4.626s] -- Installing: /home/ycao/ins2_ws/install/inertiallabs_msgs/share/inertiallabs_msgs/msg/SensorData.msg
[4.626s] -- Installing: /home/ycao/ins2_ws/install/inertiallabs_msgs/share/inertiallabs_msgs/msg/GnssData.msg
[4.626s] -- Installing: /home/ycao/ins2_ws/install/inertiallabs_msgs/share/inertiallabs_msgs/msg/GpsData.msg
[4.626s] -- Installing: /home/ycao/ins2_ws/install/inertiallabs_msgs/share/inertiallabs_msgs/msg/MarineData.msg
[4.626s] -- Up-to-date: /home/ycao/ins2_ws/install/inertiallabs_msgs/include
[4.626s] -- Up-to-date: /home/ycao/ins2_ws/install/inertiallabs_msgs/include/inertiallabs_msgs
[4.627s] -- Installing: /home/ycao/ins2_ws/install/inertiallabs_msgs/share/ament_index/resource_index/package_run_dependencies/inertiallabs_msgs
[4.627s] -- Installing: /home/ycao/ins2_ws/install/inertiallabs_msgs/share/ament_index/resource_index/parent_prefix_path/inertiallabs_msgs
[4.627s] -- Installing: /home/ycao/ins2_ws/install/inertiallabs_msgs/share/inertiallabs_msgs/environment/ament_prefix_path.sh
[4.627s] -- Installing: /home/ycao/ins2_ws/install/inertiallabs_msgs/share/inertiallabs_msgs/environment/ament_prefix_path.dsv
[4.627s] -- Installing: /home/ycao/ins2_ws/install/inertiallabs_msgs/share/inertiallabs_msgs/environment/path.sh
[4.627s] -- Installing: /home/ycao/ins2_ws/install/inertiallabs_msgs/share/inertiallabs_msgs/environment/path.dsv
[4.627s] -- Installing: /home/ycao/ins2_ws/install/inertiallabs_msgs/share/inertiallabs_msgs/local_setup.bash
[4.627s] -- Installing: /home/ycao/ins2_ws/install/inertiallabs_msgs/share/inertiallabs_msgs/local_setup.sh
[4.627s] -- Installing: /home/ycao/ins2_ws/install/inertiallabs_msgs/share/inertiallabs_msgs/local_setup.zsh
[4.627s] -- Installing: /home/ycao/ins2_ws/install/inertiallabs_msgs/share/inertiallabs_msgs/local_setup.dsv
[4.627s] -- Installing: /home/ycao/ins2_ws/install/inertiallabs_msgs/share/inertiallabs_msgs/package.dsv
[4.627s] -- Installing: /home/ycao/ins2_ws/install/inertiallabs_msgs/share/ament_index/resource_index/packages/inertiallabs_msgs
[4.627s] -- Installing: /home/ycao/ins2_ws/install/inertiallabs_msgs/share/inertiallabs_msgs/cmake/export_inertiallabs_msgs__rosidl_generator_cExport.cmake
[4.628s] -- Installing: /home/ycao/ins2_ws/install/inertiallabs_msgs/share/inertiallabs_msgs/cmake/export_inertiallabs_msgs__rosidl_generator_cExport-noconfig.cmake
[4.628s] -- Installing: /home/ycao/ins2_ws/install/inertiallabs_msgs/share/inertiallabs_msgs/cmake/export_inertiallabs_msgs__rosidl_typesupport_fastrtps_cExport.cmake
[4.628s] -- Installing: /home/ycao/ins2_ws/install/inertiallabs_msgs/share/inertiallabs_msgs/cmake/export_inertiallabs_msgs__rosidl_typesupport_fastrtps_cExport-noconfig.cmake
[4.628s] -- Installing: /home/ycao/ins2_ws/install/inertiallabs_msgs/share/inertiallabs_msgs/cmake/export_inertiallabs_msgs__rosidl_generator_cppExport.cmake
[4.628s] -- Installing: /home/ycao/ins2_ws/install/inertiallabs_msgs/share/inertiallabs_msgs/cmake/export_inertiallabs_msgs__rosidl_typesupport_fastrtps_cppExport.cmake
[4.628s] -- Installing: /home/ycao/ins2_ws/install/inertiallabs_msgs/share/inertiallabs_msgs/cmake/export_inertiallabs_msgs__rosidl_typesupport_fastrtps_cppExport-noconfig.cmake
[4.628s] -- Installing: /home/ycao/ins2_ws/install/inertiallabs_msgs/share/inertiallabs_msgs/cmake/inertiallabs_msgs__rosidl_typesupport_introspection_cExport.cmake
[4.628s] -- Installing: /home/ycao/ins2_ws/install/inertiallabs_msgs/share/inertiallabs_msgs/cmake/inertiallabs_msgs__rosidl_typesupport_introspection_cExport-noconfig.cmake
[4.628s] -- Installing: /home/ycao/ins2_ws/install/inertiallabs_msgs/share/inertiallabs_msgs/cmake/inertiallabs_msgs__rosidl_typesupport_cExport.cmake
[4.628s] -- Installing: /home/ycao/ins2_ws/install/inertiallabs_msgs/share/inertiallabs_msgs/cmake/inertiallabs_msgs__rosidl_typesupport_cExport-noconfig.cmake
[4.628s] -- Installing: /home/ycao/ins2_ws/install/inertiallabs_msgs/share/inertiallabs_msgs/cmake/inertiallabs_msgs__rosidl_typesupport_introspection_cppExport.cmake
[4.628s] -- Installing: /home/ycao/ins2_ws/install/inertiallabs_msgs/share/inertiallabs_msgs/cmake/inertiallabs_msgs__rosidl_typesupport_introspection_cppExport-noconfig.cmake
[4.628s] -- Installing: /home/ycao/ins2_ws/install/inertiallabs_msgs/share/inertiallabs_msgs/cmake/inertiallabs_msgs__rosidl_typesupport_cppExport.cmake
[4.629s] -- Installing: /home/ycao/ins2_ws/install/inertiallabs_msgs/share/inertiallabs_msgs/cmake/inertiallabs_msgs__rosidl_typesupport_cppExport-noconfig.cmake
[4.629s] -- Installing: /home/ycao/ins2_ws/install/inertiallabs_msgs/share/inertiallabs_msgs/cmake/export_inertiallabs_msgs__rosidl_generator_pyExport.cmake
[4.629s] -- Installing: /home/ycao/ins2_ws/install/inertiallabs_msgs/share/inertiallabs_msgs/cmake/export_inertiallabs_msgs__rosidl_generator_pyExport-noconfig.cmake
[4.629s] -- Installing: /home/ycao/ins2_ws/install/inertiallabs_msgs/share/inertiallabs_msgs/cmake/rosidl_cmake-extras.cmake
[4.629s] -- Installing: /home/ycao/ins2_ws/install/inertiallabs_msgs/share/inertiallabs_msgs/cmake/ament_cmake_export_dependencies-extras.cmake
[4.629s] -- Installing: /home/ycao/ins2_ws/install/inertiallabs_msgs/share/inertiallabs_msgs/cmake/ament_cmake_export_include_directories-extras.cmake
[4.629s] -- Installing: /home/ycao/ins2_ws/install/inertiallabs_msgs/share/inertiallabs_msgs/cmake/ament_cmake_export_libraries-extras.cmake
[4.629s] -- Installing: /home/ycao/ins2_ws/install/inertiallabs_msgs/share/inertiallabs_msgs/cmake/ament_cmake_export_targets-extras.cmake
[4.629s] -- Installing: /home/ycao/ins2_ws/install/inertiallabs_msgs/share/inertiallabs_msgs/cmake/rosidl_cmake_export_typesupport_targets-extras.cmake
[4.629s] -- Installing: /home/ycao/ins2_ws/install/inertiallabs_msgs/share/inertiallabs_msgs/cmake/rosidl_cmake_export_typesupport_libraries-extras.cmake
[4.629s] -- Installing: /home/ycao/ins2_ws/install/inertiallabs_msgs/share/inertiallabs_msgs/cmake/inertiallabs_msgsConfig.cmake
[4.630s] -- Installing: /home/ycao/ins2_ws/install/inertiallabs_msgs/share/inertiallabs_msgs/cmake/inertiallabs_msgsConfig-version.cmake
[4.630s] -- Installing: /home/ycao/ins2_ws/install/inertiallabs_msgs/share/inertiallabs_msgs/package.xml
[4.630s] Invoked command in '/home/ycao/ins2_ws/build/inertiallabs_msgs' returned '0': CMAKE_PREFIX_PATH=/opt/ros/humble /usr/bin/cmake --install /home/ycao/ins2_ws/build/inertiallabs_msgs
